<testsuites id="" name="" tests="1" failures="0" skipped="0" errors="0" time="72.619432">
<testsuite name="RetryTest.spec.js" timestamp="2025-10-31T07:01:19.762Z" hostname="chromium" tests="1" failures="0" skipped="0" time="57.01" errors="0">
<testcase name="test" classname="RetryTest.spec.js" time="57.01">
<system-out>
<![CDATA[--Product Text content--(Home Page):  [
  [36m<ref *1>[39m ElementHandle {
    _events: [Object: null prototype] {},
    _eventsCount: [33m0[39m,
    _maxListeners: [33m0[39m,
    _pendingHandlers: Map(0) {},
    _platform: {
      name: [32m'node'[39m,
      boxedStackPrefixes: [36m[Function: boxedStackPrefixes][39m,
      calculateSha1: [36m[Function: calculateSha1][39m,
      colors: [36m[Object][39m,
      coreDir: [32m'C:\\Users\\Kishor\\Desktop\\QA_Testing\\PlaywrightAutomation\\node_modules\\playwright-core'[39m,
      createGuid: [36m[Function: createGuid][39m,
      defaultMaxListeners: [36m[Function: defaultMaxListeners][39m,
      fs: [36m[Function: fs][39m,
      env: [36m[Object][39m,
      inspectCustom: [32mSymbol(nodejs.util.inspect.custom)[39m,
      isDebugMode: [36m[Function: isDebugMode][39m,
      isJSDebuggerAttached: [36m[Function: isJSDebuggerAttached][39m,
      isLogEnabled: [36m[Function: isLogEnabled][39m,
      isUnderTest: [36m[Function: isUnderTest][39m,
      log: [36m[Function: log][39m,
      path: [36m[Function: path][39m,
      pathSeparator: [32m'\\'[39m,
      showInternalStackFrames: [36m[Function: showInternalStackFrames][39m,
      streamFile: [36m[AsyncFunction: streamFile][39m,
      streamReadable: [36m[Function: streamReadable][39m,
      streamWritable: [36m[Function: streamWritable][39m,
      zones: [36m[Object][39m
    },
    on: [36m[Function: addListener][39m,
    off: [36m[Function: removeListener][39m,
    _objects: Map(0) {},
    _eventToSubscriptionMapping: Map(0) {},
    _wasCollected: [33mfalse[39m,
    _connection: Connection {
      _events: [Object: null prototype] {},
      _eventsCount: [33m0[39m,
      _maxListeners: [90mundefined[39m,
      _pendingHandlers: Map(0) {},
      _platform: [36m[Object][39m,
      on: [36m[Function: addListener][39m,
      off: [36m[Function: removeListener][39m,
      _objects: [36m[Map][39m,
      onmessage: [36m[Function (anonymous)][39m,
      _lastId: [33m23[39m,
      _callbacks: Map(0) {},
      _isRemote: [33mfalse[39m,
      _rawBuffers: [33mtrue[39m,
      _tracingCount: [33m1[39m,
      _instrumentation: {},
      _localUtils: [36m[LocalUtils][39m,
      _rootObject: [36m[Root][39m,
      headers: [],
      toImpl: [36m[Function (anonymous)][39m
    },
    _type: [32m'ElementHandle'[39m,
    _guid: [32m'handle@2d0e1d05088e9d353640f585a2f5d061'[39m,
    _parent: Frame {
      _events: [Object: null prototype] {},
      _eventsCount: [33m0[39m,
      _maxListeners: [33m0[39m,
      _pendingHandlers: Map(0) {},
      _platform: [36m[Object][39m,
      on: [36m[Function: addListener][39m,
      off: [36m[Function: removeListener][39m,
      _objects: [36m[Map][39m,
      _eventToSubscriptionMapping: Map(0) {},
      _wasCollected: [33mfalse[39m,
      _connection: [36m[Connection][39m,
      _type: [32m'Frame'[39m,
      _guid: [32m'frame@5a217a262a6741aaff12e5fc0dde0cbd'[39m,
      _parent: [36m[Page][39m,
      _instrumentation: {},
      _logger: [90mundefined[39m,
      _channel: [36m[EventEmitter][39m,
      _initializer: [36m[Object][39m,
      _parentFrame: [1mnull[22m,
      _url: [32m'https://www.demoblaze.com/index.html'[39m,
      _name: [32m''[39m,
      _detached: [33mfalse[39m,
      _childFrames: Set(0) {},
      _eventEmitter: [36m[EventEmitter][39m,
      _loadStates: [36m[Set][39m,
      _page: [36m[Page][39m
    },
    _instrumentation: {},
    _logger: [90mundefined[39m,
    _channel: EventEmitter {
      _events: [36m[Object: null prototype][39m,
      _eventsCount: [33m1[39m,
      _maxListeners: [90mundefined[39m,
      _pendingHandlers: Map(0) {},
      _platform: [36m[Object][39m,
      on: [36m[Function: addListener][39m,
      off: [36m[Function: removeListener][39m,
      _object: [36m[Circular *1][39m
    },
    _initializer: { preview: [32m'JSHandle@node'[39m },
    _preview: [32m'JSHandle@<a class="hrefch" href="prod.html?idp_=1">Samsung galaxy s6</a>'[39m,
    _frame: Frame {
      _events: [Object: null prototype] {},
      _eventsCount: [33m0[39m,
      _maxListeners: [33m0[39m,
      _pendingHandlers: Map(0) {},
      _platform: [36m[Object][39m,
      on: [36m[Function: addListener][39m,
      off: [36m[Function: removeListener][39m,
      _objects: [36m[Map][39m,
      _eventToSubscriptionMapping: Map(0) {},
      _wasCollected: [33mfalse[39m,
      _connection: [36m[Connection][39m,
      _type: [32m'Frame'[39m,
      _guid: [32m'frame@5a217a262a6741aaff12e5fc0dde0cbd'[39m,
      _parent: [36m[Page][39m,
      _instrumentation: {},
      _logger: [90mundefined[39m,
      _channel: [36m[EventEmitter][39m,
      _initializer: [36m[Object][39m,
      _parentFrame: [1mnull[22m,
      _url: [32m'https://www.demoblaze.com/index.html'[39m,
      _name: [32m''[39m,
      _detached: [33mfalse[39m,
      _childFrames: Set(0) {},
      _eventEmitter: [36m[EventEmitter][39m,
      _loadStates: [36m[Set][39m,
      _page: [36m[Page][39m
    },
    _elementChannel: EventEmitter {
      _events: [36m[Object: null prototype][39m,
      _eventsCount: [33m1[39m,
      _maxListeners: [90mundefined[39m,
      _pendingHandlers: Map(0) {},
      _platform: [36m[Object][39m,
      on: [36m[Function: addListener][39m,
      off: [36m[Function: removeListener][39m,
      _object: [36m[Circular *1][39m
    }
  },
  [36m<ref *2>[39m ElementHandle {
    _events: [Object: null prototype] {},
    _eventsCount: [33m0[39m,
    _maxListeners: [33m0[39m,
    _pendingHandlers: Map(0) {},
    _platform: {
      name: [32m'node'[39m,
      boxedStackPrefixes: [36m[Function: boxedStackPrefixes][39m,
      calculateSha1: [36m[Function: calculateSha1][39m,
      colors: [36m[Object][39m,
      coreDir: [32m'C:\\Users\\Kishor\\Desktop\\QA_Testing\\PlaywrightAutomation\\node_modules\\playwright-core'[39m,
      createGuid: [36m[Function: createGuid][39m,
      defaultMaxListeners: [36m[Function: defaultMaxListeners][39m,
      fs: [36m[Function: fs][39m,
      env: [36m[Object][39m,
      inspectCustom: [32mSymbol(nodejs.util.inspect.custom)[39m,
      isDebugMode: [36m[Function: isDebugMode][39m,
      isJSDebuggerAttached: [36m[Function: isJSDebuggerAttached][39m,
      isLogEnabled: [36m[Function: isLogEnabled][39m,
      isUnderTest: [36m[Function: isUnderTest][39m,
      log: [36m[Function: log][39m,
      path: [36m[Function: path][39m,
      pathSeparator: [32m'\\'[39m,
      showInternalStackFrames: [36m[Function: showInternalStackFrames][39m,
      streamFile: [36m[AsyncFunction: streamFile][39m,
      streamReadable: [36m[Function: streamReadable][39m,
      streamWritable: [36m[Function: streamWritable][39m,
      zones: [36m[Object][39m
    },
    on: [36m[Function: addListener][39m,
    off: [36m[Function: removeListener][39m,
    _objects: Map(0) {},
    _eventToSubscriptionMapping: Map(0) {},
    _wasCollected: [33mfalse[39m,
    _connection: Connection {
      _events: [Object: null prototype] {},
      _eventsCount: [33m0[39m,
      _maxListeners: [90mundefined[39m,
      _pendingHandlers: Map(0) {},
      _platform: [36m[Object][39m,
      on: [36m[Function: addListener][39m,
      off: [36m[Function: removeListener][39m,
      _objects: [36m[Map][39m,
      onmessage: [36m[Function (anonymous)][39m,
      _lastId: [33m23[39m,
      _callbacks: Map(0) {},
      _isRemote: [33mfalse[39m,
      _rawBuffers: [33mtrue[39m,
      _tracingCount: [33m1[39m,
      _instrumentation: {},
      _localUtils: [36m[LocalUtils][39m,
      _rootObject: [36m[Root][39m,
      headers: [],
      toImpl: [36m[Function (anonymous)][39m
    },
    _type: [32m'ElementHandle'[39m,
    _guid: [32m'handle@6cc9d9968aa567ec79f99736ad91b311'[39m,
    _parent: Frame {
      _events: [Object: null prototype] {},
      _eventsCount: [33m0[39m,
      _maxListeners: [33m0[39m,
      _pendingHandlers: Map(0) {},
      _platform: [36m[Object][39m,
      on: [36m[Function: addListener][39m,
      off: [36m[Function: removeListener][39m,
      _objects: [36m[Map][39m,
      _eventToSubscriptionMapping: Map(0) {},
      _wasCollected: [33mfalse[39m,
      _connection: [36m[Connection][39m,
      _type: [32m'Frame'[39m,
      _guid: [32m'frame@5a217a262a6741aaff12e5fc0dde0cbd'[39m,
      _parent: [36m[Page][39m,
      _instrumentation: {},
      _logger: [90mundefined[39m,
      _channel: [36m[EventEmitter][39m,
      _initializer: [36m[Object][39m,
      _parentFrame: [1mnull[22m,
      _url: [32m'https://www.demoblaze.com/index.html'[39m,
      _name: [32m''[39m,
      _detached: [33mfalse[39m,
      _childFrames: Set(0) {},
      _eventEmitter: [36m[EventEmitter][39m,
      _loadStates: [36m[Set][39m,
      _page: [36m[Page][39m
    },
    _instrumentation: {},
    _logger: [90mundefined[39m,
    _channel: EventEmitter {
      _events: [36m[Object: null prototype][39m,
      _eventsCount: [33m1[39m,
      _maxListeners: [90mundefined[39m,
      _pendingHandlers: Map(0) {},
      _platform: [36m[Object][39m,
      on: [36m[Function: addListener][39m,
      off: [36m[Function: removeListener][39m,
      _object: [36m[Circular *2][39m
    },
    _initializer: { preview: [32m'JSHandle@node'[39m },
    _preview: [32m'JSHandle@<a class="hrefch" href="prod.html?idp_=2">Nokia lumia 1520</a>'[39m,
    _frame: Frame {
      _events: [Object: null prototype] {},
      _eventsCount: [33m0[39m,
      _maxListeners: [33m0[39m,
      _pendingHandlers: Map(0) {},
      _platform: [36m[Object][39m,
      on: [36m[Function: addListener][39m,
      off: [36m[Function: removeListener][39m,
      _objects: [36m[Map][39m,
      _eventToSubscriptionMapping: Map(0) {},
      _wasCollected: [33mfalse[39m,
      _connection: [36m[Connection][39m,
      _type: [32m'Frame'[39m,
      _guid: [32m'frame@5a217a262a6741aaff12e5fc0dde0cbd'[39m,
      _parent: [36m[Page][39m,
      _instrumentation: {},
      _logger: [90mundefined[39m,
      _channel: [36m[EventEmitter][39m,
      _initializer: [36m[Object][39m,
      _parentFrame: [1mnull[22m,
      _url: [32m'https://www.demoblaze.com/index.html'[39m,
      _name: [32m''[39m,
      _detached: [33mfalse[39m,
      _childFrames: Set(0) {},
      _eventEmitter: [36m[EventEmitter][39m,
      _loadStates: [36m[Set][39m,
      _page: [36m[Page][39m
    },
    _elementChannel: EventEmitter {
      _events: [36m[Object: null prototype][39m,
      _eventsCount: [33m1[39m,
      _maxListeners: [90mundefined[39m,
      _pendingHandlers: Map(0) {},
      _platform: [36m[Object][39m,
      on: [36m[Function: addListener][39m,
      off: [36m[Function: removeListener][39m,
      _object: [36m[Circular *2][39m
    }
  },
  [36m<ref *3>[39m ElementHandle {
    _events: [Object: null prototype] {},
    _eventsCount: [33m0[39m,
    _maxListeners: [33m0[39m,
    _pendingHandlers: Map(0) {},
    _platform: {
      name: [32m'node'[39m,
      boxedStackPrefixes: [36m[Function: boxedStackPrefixes][39m,
      calculateSha1: [36m[Function: calculateSha1][39m,
      colors: [36m[Object][39m,
      coreDir: [32m'C:\\Users\\Kishor\\Desktop\\QA_Testing\\PlaywrightAutomation\\node_modules\\playwright-core'[39m,
      createGuid: [36m[Function: createGuid][39m,
      defaultMaxListeners: [36m[Function: defaultMaxListeners][39m,
      fs: [36m[Function: fs][39m,
      env: [36m[Object][39m,
      inspectCustom: [32mSymbol(nodejs.util.inspect.custom)[39m,
      isDebugMode: [36m[Function: isDebugMode][39m,
      isJSDebuggerAttached: [36m[Function: isJSDebuggerAttached][39m,
      isLogEnabled: [36m[Function: isLogEnabled][39m,
      isUnderTest: [36m[Function: isUnderTest][39m,
      log: [36m[Function: log][39m,
      path: [36m[Function: path][39m,
      pathSeparator: [32m'\\'[39m,
      showInternalStackFrames: [36m[Function: showInternalStackFrames][39m,
      streamFile: [36m[AsyncFunction: streamFile][39m,
      streamReadable: [36m[Function: streamReadable][39m,
      streamWritable: [36m[Function: streamWritable][39m,
      zones: [36m[Object][39m
    },
    on: [36m[Function: addListener][39m,
    off: [36m[Function: removeListener][39m,
    _objects: Map(0) {},
    _eventToSubscriptionMapping: Map(0) {},
    _wasCollected: [33mfalse[39m,
    _connection: Connection {
      _events: [Object: null prototype] {},
      _eventsCount: [33m0[39m,
      _maxListeners: [90mundefined[39m,
      _pendingHandlers: Map(0) {},
      _platform: [36m[Object][39m,
      on: [36m[Function: addListener][39m,
      off: [36m[Function: removeListener][39m,
      _objects: [36m[Map][39m,
      onmessage: [36m[Function (anonymous)][39m,
      _lastId: [33m23[39m,
      _callbacks: Map(0) {},
      _isRemote: [33mfalse[39m,
      _rawBuffers: [33mtrue[39m,
      _tracingCount: [33m1[39m,
      _instrumentation: {},
      _localUtils: [36m[LocalUtils][39m,
      _rootObject: [36m[Root][39m,
      headers: [],
      toImpl: [36m[Function (anonymous)][39m
    },
    _type: [32m'ElementHandle'[39m,
    _guid: [32m'handle@c81e95b5a64c9f3cdc8f13ae88c58f2b'[39m,
    _parent: Frame {
      _events: [Object: null prototype] {},
      _eventsCount: [33m0[39m,
      _maxListeners: [33m0[39m,
      _pendingHandlers: Map(0) {},
      _platform: [36m[Object][39m,
      on: [36m[Function: addListener][39m,
      off: [36m[Function: removeListener][39m,
      _objects: [36m[Map][39m,
      _eventToSubscriptionMapping: Map(0) {},
      _wasCollected: [33mfalse[39m,
      _connection: [36m[Connection][39m,
      _type: [32m'Frame'[39m,
      _guid: [32m'frame@5a217a262a6741aaff12e5fc0dde0cbd'[39m,
      _parent: [36m[Page][39m,
      _instrumentation: {},
      _logger: [90mundefined[39m,
      _channel: [36m[EventEmitter][39m,
      _initializer: [36m[Object][39m,
      _parentFrame: [1mnull[22m,
      _url: [32m'https://www.demoblaze.com/index.html'[39m,
      _name: [32m''[39m,
      _detached: [33mfalse[39m,
      _childFrames: Set(0) {},
      _eventEmitter: [36m[EventEmitter][39m,
      _loadStates: [36m[Set][39m,
      _page: [36m[Page][39m
    },
    _instrumentation: {},
    _logger: [90mundefined[39m,
    _channel: EventEmitter {
      _events: [36m[Object: null prototype][39m,
      _eventsCount: [33m1[39m,
      _maxListeners: [90mundefined[39m,
      _pendingHandlers: Map(0) {},
      _platform: [36m[Object][39m,
      on: [36m[Function: addListener][39m,
      off: [36m[Function: removeListener][39m,
      _object: [36m[Circular *3][39m
    },
    _initializer: { preview: [32m'JSHandle@node'[39m },
    _preview: [32m'JSHandle@<a class="hrefch" href="prod.html?idp_=3">Nexus 6</a>'[39m,
    _frame: Frame {
      _events: [Object: null prototype] {},
      _eventsCount: [33m0[39m,
      _maxListeners: [33m0[39m,
      _pendingHandlers: Map(0) {},
      _platform: [36m[Object][39m,
      on: [36m[Function: addListener][39m,
      off: [36m[Function: removeListener][39m,
      _objects: [36m[Map][39m,
      _eventToSubscriptionMapping: Map(0) {},
      _wasCollected: [33mfalse[39m,
      _connection: [36m[Connection][39m,
      _type: [32m'Frame'[39m,
      _guid: [32m'frame@5a217a262a6741aaff12e5fc0dde0cbd'[39m,
      _parent: [36m[Page][39m,
      _instrumentation: {},
      _logger: [90mundefined[39m,
      _channel: [36m[EventEmitter][39m,
      _initializer: [36m[Object][39m,
      _parentFrame: [1mnull[22m,
      _url: [32m'https://www.demoblaze.com/index.html'[39m,
      _name: [32m''[39m,
      _detached: [33mfalse[39m,
      _childFrames: Set(0) {},
      _eventEmitter: [36m[EventEmitter][39m,
      _loadStates: [36m[Set][39m,
      _page: [36m[Page][39m
    },
    _elementChannel: EventEmitter {
      _events: [36m[Object: null prototype][39m,
      _eventsCount: [33m1[39m,
      _maxListeners: [90mundefined[39m,
      _pendingHandlers: Map(0) {},
      _platform: [36m[Object][39m,
      on: [36m[Function: addListener][39m,
      off: [36m[Function: removeListener][39m,
      _object: [36m[Circular *3][39m
    }
  },
  [36m<ref *4>[39m ElementHandle {
    _events: [Object: null prototype] {},
    _eventsCount: [33m0[39m,
    _maxListeners: [33m0[39m,
    _pendingHandlers: Map(0) {},
    _platform: {
      name: [32m'node'[39m,
      boxedStackPrefixes: [36m[Function: boxedStackPrefixes][39m,
      calculateSha1: [36m[Function: calculateSha1][39m,
      colors: [36m[Object][39m,
      coreDir: [32m'C:\\Users\\Kishor\\Desktop\\QA_Testing\\PlaywrightAutomation\\node_modules\\playwright-core'[39m,
      createGuid: [36m[Function: createGuid][39m,
      defaultMaxListeners: [36m[Function: defaultMaxListeners][39m,
      fs: [36m[Function: fs][39m,
      env: [36m[Object][39m,
      inspectCustom: [32mSymbol(nodejs.util.inspect.custom)[39m,
      isDebugMode: [36m[Function: isDebugMode][39m,
      isJSDebuggerAttached: [36m[Function: isJSDebuggerAttached][39m,
      isLogEnabled: [36m[Function: isLogEnabled][39m,
      isUnderTest: [36m[Function: isUnderTest][39m,
      log: [36m[Function: log][39m,
      path: [36m[Function: path][39m,
      pathSeparator: [32m'\\'[39m,
      showInternalStackFrames: [36m[Function: showInternalStackFrames][39m,
      streamFile: [36m[AsyncFunction: streamFile][39m,
      streamReadable: [36m[Function: streamReadable][39m,
      streamWritable: [36m[Function: streamWritable][39m,
      zones: [36m[Object][39m
    },
    on: [36m[Function: addListener][39m,
    off: [36m[Function: removeListener][39m,
    _objects: Map(0) {},
    _eventToSubscriptionMapping: Map(0) {},
    _wasCollected: [33mfalse[39m,
    _connection: Connection {
      _events: [Object: null prototype] {},
      _eventsCount: [33m0[39m,
      _maxListeners: [90mundefined[39m,
      _pendingHandlers: Map(0) {},
      _platform: [36m[Object][39m,
      on: [36m[Function: addListener][39m,
      off: [36m[Function: removeListener][39m,
      _objects: [36m[Map][39m,
      onmessage: [36m[Function (anonymous)][39m,
      _lastId: [33m23[39m,
      _callbacks: Map(0) {},
      _isRemote: [33mfalse[39m,
      _rawBuffers: [33mtrue[39m,
      _tracingCount: [33m1[39m,
      _instrumentation: {},
      _localUtils: [36m[LocalUtils][39m,
      _rootObject: [36m[Root][39m,
      headers: [],
      toImpl: [36m[Function (anonymous)][39m
    },
    _type: [32m'ElementHandle'[39m,
    _guid: [32m'handle@9ee178abff3e4965efa9ac48d4ecd578'[39m,
    _parent: Frame {
      _events: [Object: null prototype] {},
      _eventsCount: [33m0[39m,
      _maxListeners: [33m0[39m,
      _pendingHandlers: Map(0) {},
      _platform: [36m[Object][39m,
      on: [36m[Function: addListener][39m,
      off: [36m[Function: removeListener][39m,
      _objects: [36m[Map][39m,
      _eventToSubscriptionMapping: Map(0) {},
      _wasCollected: [33mfalse[39m,
      _connection: [36m[Connection][39m,
      _type: [32m'Frame'[39m,
      _guid: [32m'frame@5a217a262a6741aaff12e5fc0dde0cbd'[39m,
      _parent: [36m[Page][39m,
      _instrumentation: {},
      _logger: [90mundefined[39m,
      _channel: [36m[EventEmitter][39m,
      _initializer: [36m[Object][39m,
      _parentFrame: [1mnull[22m,
      _url: [32m'https://www.demoblaze.com/index.html'[39m,
      _name: [32m''[39m,
      _detached: [33mfalse[39m,
      _childFrames: Set(0) {},
      _eventEmitter: [36m[EventEmitter][39m,
      _loadStates: [36m[Set][39m,
      _page: [36m[Page][39m
    },
    _instrumentation: {},
    _logger: [90mundefined[39m,
    _channel: EventEmitter {
      _events: [36m[Object: null prototype][39m,
      _eventsCount: [33m1[39m,
      _maxListeners: [90mundefined[39m,
      _pendingHandlers: Map(0) {},
      _platform: [36m[Object][39m,
      on: [36m[Function: addListener][39m,
      off: [36m[Function: removeListener][39m,
      _object: [36m[Circular *4][39m
    },
    _initializer: { preview: [32m'JSHandle@node'[39m },
    _preview: [32m'JSHandle@<a class="hrefch" href="prod.html?idp_=4">Samsung galaxy s7</a>'[39m,
    _frame: Frame {
      _events: [Object: null prototype] {},
      _eventsCount: [33m0[39m,
      _maxListeners: [33m0[39m,
      _pendingHandlers: Map(0) {},
      _platform: [36m[Object][39m,
      on: [36m[Function: addListener][39m,
      off: [36m[Function: removeListener][39m,
      _objects: [36m[Map][39m,
      _eventToSubscriptionMapping: Map(0) {},
      _wasCollected: [33mfalse[39m,
      _connection: [36m[Connection][39m,
      _type: [32m'Frame'[39m,
      _guid: [32m'frame@5a217a262a6741aaff12e5fc0dde0cbd'[39m,
      _parent: [36m[Page][39m,
      _instrumentation: {},
      _logger: [90mundefined[39m,
      _channel: [36m[EventEmitter][39m,
      _initializer: [36m[Object][39m,
      _parentFrame: [1mnull[22m,
      _url: [32m'https://www.demoblaze.com/index.html'[39m,
      _name: [32m''[39m,
      _detached: [33mfalse[39m,
      _childFrames: Set(0) {},
      _eventEmitter: [36m[EventEmitter][39m,
      _loadStates: [36m[Set][39m,
      _page: [36m[Page][39m
    },
    _elementChannel: EventEmitter {
      _events: [36m[Object: null prototype][39m,
      _eventsCount: [33m1[39m,
      _maxListeners: [90mundefined[39m,
      _pendingHandlers: Map(0) {},
      _platform: [36m[Object][39m,
      on: [36m[Function: addListener][39m,
      off: [36m[Function: removeListener][39m,
      _object: [36m[Circular *4][39m
    }
  },
  [36m<ref *5>[39m ElementHandle {
    _events: [Object: null prototype] {},
    _eventsCount: [33m0[39m,
    _maxListeners: [33m0[39m,
    _pendingHandlers: Map(0) {},
    _platform: {
      name: [32m'node'[39m,
      boxedStackPrefixes: [36m[Function: boxedStackPrefixes][39m,
      calculateSha1: [36m[Function: calculateSha1][39m,
      colors: [36m[Object][39m,
      coreDir: [32m'C:\\Users\\Kishor\\Desktop\\QA_Testing\\PlaywrightAutomation\\node_modules\\playwright-core'[39m,
      createGuid: [36m[Function: createGuid][39m,
      defaultMaxListeners: [36m[Function: defaultMaxListeners][39m,
      fs: [36m[Function: fs][39m,
      env: [36m[Object][39m,
      inspectCustom: [32mSymbol(nodejs.util.inspect.custom)[39m,
      isDebugMode: [36m[Function: isDebugMode][39m,
      isJSDebuggerAttached: [36m[Function: isJSDebuggerAttached][39m,
      isLogEnabled: [36m[Function: isLogEnabled][39m,
      isUnderTest: [36m[Function: isUnderTest][39m,
      log: [36m[Function: log][39m,
      path: [36m[Function: path][39m,
      pathSeparator: [32m'\\'[39m,
      showInternalStackFrames: [36m[Function: showInternalStackFrames][39m,
      streamFile: [36m[AsyncFunction: streamFile][39m,
      streamReadable: [36m[Function: streamReadable][39m,
      streamWritable: [36m[Function: streamWritable][39m,
      zones: [36m[Object][39m
    },
    on: [36m[Function: addListener][39m,
    off: [36m[Function: removeListener][39m,
    _objects: Map(0) {},
    _eventToSubscriptionMapping: Map(0) {},
    _wasCollected: [33mfalse[39m,
    _connection: Connection {
      _events: [Object: null prototype] {},
      _eventsCount: [33m0[39m,
      _maxListeners: [90mundefined[39m,
      _pendingHandlers: Map(0) {},
      _platform: [36m[Object][39m,
      on: [36m[Function: addListener][39m,
      off: [36m[Function: removeListener][39m,
      _objects: [36m[Map][39m,
      onmessage: [36m[Function (anonymous)][39m,
      _lastId: [33m23[39m,
      _callbacks: Map(0) {},
      _isRemote: [33mfalse[39m,
      _rawBuffers: [33mtrue[39m,
      _tracingCount: [33m1[39m,
      _instrumentation: {},
      _localUtils: [36m[LocalUtils][39m,
      _rootObject: [36m[Root][39m,
      headers: [],
      toImpl: [36m[Function (anonymous)][39m
    },
    _type: [32m'ElementHandle'[39m,
    _guid: [32m'handle@73ae85afee0a4ef5a96054a0780effd3'[39m,
    _parent: Frame {
      _events: [Object: null prototype] {},
      _eventsCount: [33m0[39m,
      _maxListeners: [33m0[39m,
      _pendingHandlers: Map(0) {},
      _platform: [36m[Object][39m,
      on: [36m[Function: addListener][39m,
      off: [36m[Function: removeListener][39m,
      _objects: [36m[Map][39m,
      _eventToSubscriptionMapping: Map(0) {},
      _wasCollected: [33mfalse[39m,
      _connection: [36m[Connection][39m,
      _type: [32m'Frame'[39m,
      _guid: [32m'frame@5a217a262a6741aaff12e5fc0dde0cbd'[39m,
      _parent: [36m[Page][39m,
      _instrumentation: {},
      _logger: [90mundefined[39m,
      _channel: [36m[EventEmitter][39m,
      _initializer: [36m[Object][39m,
      _parentFrame: [1mnull[22m,
      _url: [32m'https://www.demoblaze.com/index.html'[39m,
      _name: [32m''[39m,
      _detached: [33mfalse[39m,
      _childFrames: Set(0) {},
      _eventEmitter: [36m[EventEmitter][39m,
      _loadStates: [36m[Set][39m,
      _page: [36m[Page][39m
    },
    _instrumentation: {},
    _logger: [90mundefined[39m,
    _channel: EventEmitter {
      _events: [36m[Object: null prototype][39m,
      _eventsCount: [33m1[39m,
      _maxListeners: [90mundefined[39m,
      _pendingHandlers: Map(0) {},
      _platform: [36m[Object][39m,
      on: [36m[Function: addListener][39m,
      off: [36m[Function: removeListener][39m,
      _object: [36m[Circular *5][39m
    },
    _initializer: { preview: [32m'JSHandle@node'[39m },
    _preview: [32m'JSHandle@<a class="hrefch" href="prod.html?idp_=5">Iphone 6 32gb</a>'[39m,
    _frame: Frame {
      _events: [Object: null prototype] {},
      _eventsCount: [33m0[39m,
      _maxListeners: [33m0[39m,
      _pendingHandlers: Map(0) {},
      _platform: [36m[Object][39m,
      on: [36m[Function: addListener][39m,
      off: [36m[Function: removeListener][39m,
      _objects: [36m[Map][39m,
      _eventToSubscriptionMapping: Map(0) {},
      _wasCollected: [33mfalse[39m,
      _connection: [36m[Connection][39m,
      _type: [32m'Frame'[39m,
      _guid: [32m'frame@5a217a262a6741aaff12e5fc0dde0cbd'[39m,
      _parent: [36m[Page][39m,
      _instrumentation: {},
      _logger: [90mundefined[39m,
      _channel: [36m[EventEmitter][39m,
      _initializer: [36m[Object][39m,
      _parentFrame: [1mnull[22m,
      _url: [32m'https://www.demoblaze.com/index.html'[39m,
      _name: [32m''[39m,
      _detached: [33mfalse[39m,
      _childFrames: Set(0) {},
      _eventEmitter: [36m[EventEmitter][39m,
      _loadStates: [36m[Set][39m,
      _page: [36m[Page][39m
    },
    _elementChannel: EventEmitter {
      _events: [36m[Object: null prototype][39m,
      _eventsCount: [33m1[39m,
      _maxListeners: [90mundefined[39m,
      _pendingHandlers: Map(0) {},
      _platform: [36m[Object][39m,
      on: [36m[Function: addListener][39m,
      off: [36m[Function: removeListener][39m,
      _object: [36m[Circular *5][39m
    }
  },
  [36m<ref *6>[39m ElementHandle {
    _events: [Object: null prototype] {},
    _eventsCount: [33m0[39m,
    _maxListeners: [33m0[39m,
    _pendingHandlers: Map(0) {},
    _platform: {
      name: [32m'node'[39m,
      boxedStackPrefixes: [36m[Function: boxedStackPrefixes][39m,
      calculateSha1: [36m[Function: calculateSha1][39m,
      colors: [36m[Object][39m,
      coreDir: [32m'C:\\Users\\Kishor\\Desktop\\QA_Testing\\PlaywrightAutomation\\node_modules\\playwright-core'[39m,
      createGuid: [36m[Function: createGuid][39m,
      defaultMaxListeners: [36m[Function: defaultMaxListeners][39m,
      fs: [36m[Function: fs][39m,
      env: [36m[Object][39m,
      inspectCustom: [32mSymbol(nodejs.util.inspect.custom)[39m,
      isDebugMode: [36m[Function: isDebugMode][39m,
      isJSDebuggerAttached: [36m[Function: isJSDebuggerAttached][39m,
      isLogEnabled: [36m[Function: isLogEnabled][39m,
      isUnderTest: [36m[Function: isUnderTest][39m,
      log: [36m[Function: log][39m,
      path: [36m[Function: path][39m,
      pathSeparator: [32m'\\'[39m,
      showInternalStackFrames: [36m[Function: showInternalStackFrames][39m,
      streamFile: [36m[AsyncFunction: streamFile][39m,
      streamReadable: [36m[Function: streamReadable][39m,
      streamWritable: [36m[Function: streamWritable][39m,
      zones: [36m[Object][39m
    },
    on: [36m[Function: addListener][39m,
    off: [36m[Function: removeListener][39m,
    _objects: Map(0) {},
    _eventToSubscriptionMapping: Map(0) {},
    _wasCollected: [33mfalse[39m,
    _connection: Connection {
      _events: [Object: null prototype] {},
      _eventsCount: [33m0[39m,
      _maxListeners: [90mundefined[39m,
      _pendingHandlers: Map(0) {},
      _platform: [36m[Object][39m,
      on: [36m[Function: addListener][39m,
      off: [36m[Function: removeListener][39m,
      _objects: [36m[Map][39m,
      onmessage: [36m[Function (anonymous)][39m,
      _lastId: [33m23[39m,
      _callbacks: Map(0) {},
      _isRemote: [33mfalse[39m,
      _rawBuffers: [33mtrue[39m,
      _tracingCount: [33m1[39m,
      _instrumentation: {},
      _localUtils: [36m[LocalUtils][39m,
      _rootObject: [36m[Root][39m,
      headers: [],
      toImpl: [36m[Function (anonymous)][39m
    },
    _type: [32m'ElementHandle'[39m,
    _guid: [32m'handle@ed9a54a78e1f5dddd2c74557f9038f93'[39m,
    _parent: Frame {
      _events: [Object: null prototype] {},
      _eventsCount: [33m0[39m,
      _maxListeners: [33m0[39m,
      _pendingHandlers: Map(0) {},
      _platform: [36m[Object][39m,
      on: [36m[Function: addListener][39m,
      off: [36m[Function: removeListener][39m,
      _objects: [36m[Map][39m,
      _eventToSubscriptionMapping: Map(0) {},
      _wasCollected: [33mfalse[39m,
      _connection: [36m[Connection][39m,
      _type: [32m'Frame'[39m,
      _guid: [32m'frame@5a217a262a6741aaff12e5fc0dde0cbd'[39m,
      _parent: [36m[Page][39m,
      _instrumentation: {},
      _logger: [90mundefined[39m,
      _channel: [36m[EventEmitter][39m,
      _initializer: [36m[Object][39m,
      _parentFrame: [1mnull[22m,
      _url: [32m'https://www.demoblaze.com/index.html'[39m,
      _name: [32m''[39m,
      _detached: [33mfalse[39m,
      _childFrames: Set(0) {},
      _eventEmitter: [36m[EventEmitter][39m,
      _loadStates: [36m[Set][39m,
      _page: [36m[Page][39m
    },
    _instrumentation: {},
    _logger: [90mundefined[39m,
    _channel: EventEmitter {
      _events: [36m[Object: null prototype][39m,
      _eventsCount: [33m1[39m,
      _maxListeners: [90mundefined[39m,
      _pendingHandlers: Map(0) {},
      _platform: [36m[Object][39m,
      on: [36m[Function: addListener][39m,
      off: [36m[Function: removeListener][39m,
      _object: [36m[Circular *6][39m
    },
    _initializer: { preview: [32m'JSHandle@node'[39m },
    _preview: [32m'JSHandle@<a class="hrefch" href="prod.html?idp_=6">Sony xperia z5</a>'[39m,
    _frame: Frame {
      _events: [Object: null prototype] {},
      _eventsCount: [33m0[39m,
      _maxListeners: [33m0[39m,
      _pendingHandlers: Map(0) {},
      _platform: [36m[Object][39m,
      on: [36m[Function: addListener][39m,
      off: [36m[Function: removeListener][39m,
      _objects: [36m[Map][39m,
      _eventToSubscriptionMapping: Map(0) {},
      _wasCollected: [33mfalse[39m,
      _connection: [36m[Connection][39m,
      _type: [32m'Frame'[39m,
      _guid: [32m'frame@5a217a262a6741aaff12e5fc0dde0cbd'[39m,
      _parent: [36m[Page][39m,
      _instrumentation: {},
      _logger: [90mundefined[39m,
      _channel: [36m[EventEmitter][39m,
      _initializer: [36m[Object][39m,
      _parentFrame: [1mnull[22m,
      _url: [32m'https://www.demoblaze.com/index.html'[39m,
      _name: [32m''[39m,
      _detached: [33mfalse[39m,
      _childFrames: Set(0) {},
      _eventEmitter: [36m[EventEmitter][39m,
      _loadStates: [36m[Set][39m,
      _page: [36m[Page][39m
    },
    _elementChannel: EventEmitter {
      _events: [36m[Object: null prototype][39m,
      _eventsCount: [33m1[39m,
      _maxListeners: [90mundefined[39m,
      _pendingHandlers: Map(0) {},
      _platform: [36m[Object][39m,
      on: [36m[Function: addListener][39m,
      off: [36m[Function: removeListener][39m,
      _object: [36m[Circular *6][39m
    }
  },
  [36m<ref *7>[39m ElementHandle {
    _events: [Object: null prototype] {},
    _eventsCount: [33m0[39m,
    _maxListeners: [33m0[39m,
    _pendingHandlers: Map(0) {},
    _platform: {
      name: [32m'node'[39m,
      boxedStackPrefixes: [36m[Function: boxedStackPrefixes][39m,
      calculateSha1: [36m[Function: calculateSha1][39m,
      colors: [36m[Object][39m,
      coreDir: [32m'C:\\Users\\Kishor\\Desktop\\QA_Testing\\PlaywrightAutomation\\node_modules\\playwright-core'[39m,
      createGuid: [36m[Function: createGuid][39m,
      defaultMaxListeners: [36m[Function: defaultMaxListeners][39m,
      fs: [36m[Function: fs][39m,
      env: [36m[Object][39m,
      inspectCustom: [32mSymbol(nodejs.util.inspect.custom)[39m,
      isDebugMode: [36m[Function: isDebugMode][39m,
      isJSDebuggerAttached: [36m[Function: isJSDebuggerAttached][39m,
      isLogEnabled: [36m[Function: isLogEnabled][39m,
      isUnderTest: [36m[Function: isUnderTest][39m,
      log: [36m[Function: log][39m,
      path: [36m[Function: path][39m,
      pathSeparator: [32m'\\'[39m,
      showInternalStackFrames: [36m[Function: showInternalStackFrames][39m,
      streamFile: [36m[AsyncFunction: streamFile][39m,
      streamReadable: [36m[Function: streamReadable][39m,
      streamWritable: [36m[Function: streamWritable][39m,
      zones: [36m[Object][39m
    },
    on: [36m[Function: addListener][39m,
    off: [36m[Function: removeListener][39m,
    _objects: Map(0) {},
    _eventToSubscriptionMapping: Map(0) {},
    _wasCollected: [33mfalse[39m,
    _connection: Connection {
      _events: [Object: null prototype] {},
      _eventsCount: [33m0[39m,
      _maxListeners: [90mundefined[39m,
      _pendingHandlers: Map(0) {},
      _platform: [36m[Object][39m,
      on: [36m[Function: addListener][39m,
      off: [36m[Function: removeListener][39m,
      _objects: [36m[Map][39m,
      onmessage: [36m[Function (anonymous)][39m,
      _lastId: [33m23[39m,
      _callbacks: Map(0) {},
      _isRemote: [33mfalse[39m,
      _rawBuffers: [33mtrue[39m,
      _tracingCount: [33m1[39m,
      _instrumentation: {},
      _localUtils: [36m[LocalUtils][39m,
      _rootObject: [36m[Root][39m,
      headers: [],
      toImpl: [36m[Function (anonymous)][39m
    },
    _type: [32m'ElementHandle'[39m,
    _guid: [32m'handle@e401869ea5daa3d59c8f90801e793625'[39m,
    _parent: Frame {
      _events: [Object: null prototype] {},
      _eventsCount: [33m0[39m,
      _maxListeners: [33m0[39m,
      _pendingHandlers: Map(0) {},
      _platform: [36m[Object][39m,
      on: [36m[Function: addListener][39m,
      off: [36m[Function: removeListener][39m,
      _objects: [36m[Map][39m,
      _eventToSubscriptionMapping: Map(0) {},
      _wasCollected: [33mfalse[39m,
      _connection: [36m[Connection][39m,
      _type: [32m'Frame'[39m,
      _guid: [32m'frame@5a217a262a6741aaff12e5fc0dde0cbd'[39m,
      _parent: [36m[Page][39m,
      _instrumentation: {},
      _logger: [90mundefined[39m,
      _channel: [36m[EventEmitter][39m,
      _initializer: [36m[Object][39m,
      _parentFrame: [1mnull[22m,
      _url: [32m'https://www.demoblaze.com/index.html'[39m,
      _name: [32m''[39m,
      _detached: [33mfalse[39m,
      _childFrames: Set(0) {},
      _eventEmitter: [36m[EventEmitter][39m,
      _loadStates: [36m[Set][39m,
      _page: [36m[Page][39m
    },
    _instrumentation: {},
    _logger: [90mundefined[39m,
    _channel: EventEmitter {
      _events: [36m[Object: null prototype][39m,
      _eventsCount: [33m1[39m,
      _maxListeners: [90mundefined[39m,
      _pendingHandlers: Map(0) {},
      _platform: [36m[Object][39m,
      on: [36m[Function: addListener][39m,
      off: [36m[Function: removeListener][39m,
      _object: [36m[Circular *7][39m
    },
    _initializer: { preview: [32m'JSHandle@node'[39m },
    _preview: [32m'JSHandle@<a class="hrefch" href="prod.html?idp_=7">HTC One M9</a>'[39m,
    _frame: Frame {
      _events: [Object: null prototype] {},
      _eventsCount: [33m0[39m,
      _maxListeners: [33m0[39m,
      _pendingHandlers: Map(0) {},
      _platform: [36m[Object][39m,
      on: [36m[Function: addListener][39m,
      off: [36m[Function: removeListener][39m,
      _objects: [36m[Map][39m,
      _eventToSubscriptionMapping: Map(0) {},
      _wasCollected: [33mfalse[39m,
      _connection: [36m[Connection][39m,
      _type: [32m'Frame'[39m,
      _guid: [32m'frame@5a217a262a6741aaff12e5fc0dde0cbd'[39m,
      _parent: [36m[Page][39m,
      _instrumentation: {},
      _logger: [90mundefined[39m,
      _channel: [36m[EventEmitter][39m,
      _initializer: [36m[Object][39m,
      _parentFrame: [1mnull[22m,
      _url: [32m'https://www.demoblaze.com/index.html'[39m,
      _name: [32m''[39m,
      _detached: [33mfalse[39m,
      _childFrames: Set(0) {},
      _eventEmitter: [36m[EventEmitter][39m,
      _loadStates: [36m[Set][39m,
      _page: [36m[Page][39m
    },
    _elementChannel: EventEmitter {
      _events: [36m[Object: null prototype][39m,
      _eventsCount: [33m1[39m,
      _maxListeners: [90mundefined[39m,
      _pendingHandlers: Map(0) {},
      _platform: [36m[Object][39m,
      on: [36m[Function: addListener][39m,
      off: [36m[Function: removeListener][39m,
      _object: [36m[Circular *7][39m
    }
  },
  [36m<ref *8>[39m ElementHandle {
    _events: [Object: null prototype] {},
    _eventsCount: [33m0[39m,
    _maxListeners: [33m0[39m,
    _pendingHandlers: Map(0) {},
    _platform: {
      name: [32m'node'[39m,
      boxedStackPrefixes: [36m[Function: boxedStackPrefixes][39m,
      calculateSha1: [36m[Function: calculateSha1][39m,
      colors: [36m[Object][39m,
      coreDir: [32m'C:\\Users\\Kishor\\Desktop\\QA_Testing\\PlaywrightAutomation\\node_modules\\playwright-core'[39m,
      createGuid: [36m[Function: createGuid][39m,
      defaultMaxListeners: [36m[Function: defaultMaxListeners][39m,
      fs: [36m[Function: fs][39m,
      env: [36m[Object][39m,
      inspectCustom: [32mSymbol(nodejs.util.inspect.custom)[39m,
      isDebugMode: [36m[Function: isDebugMode][39m,
      isJSDebuggerAttached: [36m[Function: isJSDebuggerAttached][39m,
      isLogEnabled: [36m[Function: isLogEnabled][39m,
      isUnderTest: [36m[Function: isUnderTest][39m,
      log: [36m[Function: log][39m,
      path: [36m[Function: path][39m,
      pathSeparator: [32m'\\'[39m,
      showInternalStackFrames: [36m[Function: showInternalStackFrames][39m,
      streamFile: [36m[AsyncFunction: streamFile][39m,
      streamReadable: [36m[Function: streamReadable][39m,
      streamWritable: [36m[Function: streamWritable][39m,
      zones: [36m[Object][39m
    },
    on: [36m[Function: addListener][39m,
    off: [36m[Function: removeListener][39m,
    _objects: Map(0) {},
    _eventToSubscriptionMapping: Map(0) {},
    _wasCollected: [33mfalse[39m,
    _connection: Connection {
      _events: [Object: null prototype] {},
      _eventsCount: [33m0[39m,
      _maxListeners: [90mundefined[39m,
      _pendingHandlers: Map(0) {},
      _platform: [36m[Object][39m,
      on: [36m[Function: addListener][39m,
      off: [36m[Function: removeListener][39m,
      _objects: [36m[Map][39m,
      onmessage: [36m[Function (anonymous)][39m,
      _lastId: [33m23[39m,
      _callbacks: Map(0) {},
      _isRemote: [33mfalse[39m,
      _rawBuffers: [33mtrue[39m,
      _tracingCount: [33m1[39m,
      _instrumentation: {},
      _localUtils: [36m[LocalUtils][39m,
      _rootObject: [36m[Root][39m,
      headers: [],
      toImpl: [36m[Function (anonymous)][39m
    },
    _type: [32m'ElementHandle'[39m,
    _guid: [32m'handle@ab080ebd6143f91765973abdcb802753'[39m,
    _parent: Frame {
      _events: [Object: null prototype] {},
      _eventsCount: [33m0[39m,
      _maxListeners: [33m0[39m,
      _pendingHandlers: Map(0) {},
      _platform: [36m[Object][39m,
      on: [36m[Function: addListener][39m,
      off: [36m[Function: removeListener][39m,
      _objects: [36m[Map][39m,
      _eventToSubscriptionMapping: Map(0) {},
      _wasCollected: [33mfalse[39m,
      _connection: [36m[Connection][39m,
      _type: [32m'Frame'[39m,
      _guid: [32m'frame@5a217a262a6741aaff12e5fc0dde0cbd'[39m,
      _parent: [36m[Page][39m,
      _instrumentation: {},
      _logger: [90mundefined[39m,
      _channel: [36m[EventEmitter][39m,
      _initializer: [36m[Object][39m,
      _parentFrame: [1mnull[22m,
      _url: [32m'https://www.demoblaze.com/index.html'[39m,
      _name: [32m''[39m,
      _detached: [33mfalse[39m,
      _childFrames: Set(0) {},
      _eventEmitter: [36m[EventEmitter][39m,
      _loadStates: [36m[Set][39m,
      _page: [36m[Page][39m
    },
    _instrumentation: {},
    _logger: [90mundefined[39m,
    _channel: EventEmitter {
      _events: [36m[Object: null prototype][39m,
      _eventsCount: [33m1[39m,
      _maxListeners: [90mundefined[39m,
      _pendingHandlers: Map(0) {},
      _platform: [36m[Object][39m,
      on: [36m[Function: addListener][39m,
      off: [36m[Function: removeListener][39m,
      _object: [36m[Circular *8][39m
    },
    _initializer: { preview: [32m'JSHandle@node'[39m },
    _preview: [32m'JSHandle@<a class="hrefch" href="prod.html?idp_=8">Sony vaio i5</a>'[39m,
    _frame: Frame {
      _events: [Object: null prototype] {},
      _eventsCount: [33m0[39m,
      _maxListeners: [33m0[39m,
      _pendingHandlers: Map(0) {},
      _platform: [36m[Object][39m,
      on: [36m[Function: addListener][39m,
      off: [36m[Function: removeListener][39m,
      _objects: [36m[Map][39m,
      _eventToSubscriptionMapping: Map(0) {},
      _wasCollected: [33mfalse[39m,
      _connection: [36m[Connection][39m,
      _type: [32m'Frame'[39m,
      _guid: [32m'frame@5a217a262a6741aaff12e5fc0dde0cbd'[39m,
      _parent: [36m[Page][39m,
      _instrumentation: {},
      _logger: [90mundefined[39m,
      _channel: [36m[EventEmitter][39m,
      _initializer: [36m[Object][39m,
      _parentFrame: [1mnull[22m,
      _url: [32m'https://www.demoblaze.com/index.html'[39m,
      _name: [32m''[39m,
      _detached: [33mfalse[39m,
      _childFrames: Set(0) {},
      _eventEmitter: [36m[EventEmitter][39m,
      _loadStates: [36m[Set][39m,
      _page: [36m[Page][39m
    },
    _elementChannel: EventEmitter {
      _events: [36m[Object: null prototype][39m,
      _eventsCount: [33m1[39m,
      _maxListeners: [90mundefined[39m,
      _pendingHandlers: Map(0) {},
      _platform: [36m[Object][39m,
      on: [36m[Function: addListener][39m,
      off: [36m[Function: removeListener][39m,
      _object: [36m[Circular *8][39m
    }
  },
  [36m<ref *9>[39m ElementHandle {
    _events: [Object: null prototype] {},
    _eventsCount: [33m0[39m,
    _maxListeners: [33m0[39m,
    _pendingHandlers: Map(0) {},
    _platform: {
      name: [32m'node'[39m,
      boxedStackPrefixes: [36m[Function: boxedStackPrefixes][39m,
      calculateSha1: [36m[Function: calculateSha1][39m,
      colors: [36m[Object][39m,
      coreDir: [32m'C:\\Users\\Kishor\\Desktop\\QA_Testing\\PlaywrightAutomation\\node_modules\\playwright-core'[39m,
      createGuid: [36m[Function: createGuid][39m,
      defaultMaxListeners: [36m[Function: defaultMaxListeners][39m,
      fs: [36m[Function: fs][39m,
      env: [36m[Object][39m,
      inspectCustom: [32mSymbol(nodejs.util.inspect.custom)[39m,
      isDebugMode: [36m[Function: isDebugMode][39m,
      isJSDebuggerAttached: [36m[Function: isJSDebuggerAttached][39m,
      isLogEnabled: [36m[Function: isLogEnabled][39m,
      isUnderTest: [36m[Function: isUnderTest][39m,
      log: [36m[Function: log][39m,
      path: [36m[Function: path][39m,
      pathSeparator: [32m'\\'[39m,
      showInternalStackFrames: [36m[Function: showInternalStackFrames][39m,
      streamFile: [36m[AsyncFunction: streamFile][39m,
      streamReadable: [36m[Function: streamReadable][39m,
      streamWritable: [36m[Function: streamWritable][39m,
      zones: [36m[Object][39m
    },
    on: [36m[Function: addListener][39m,
    off: [36m[Function: removeListener][39m,
    _objects: Map(0) {},
    _eventToSubscriptionMapping: Map(0) {},
    _wasCollected: [33mfalse[39m,
    _connection: Connection {
      _events: [Object: null prototype] {},
      _eventsCount: [33m0[39m,
      _maxListeners: [90mundefined[39m,
      _pendingHandlers: Map(0) {},
      _platform: [36m[Object][39m,
      on: [36m[Function: addListener][39m,
      off: [36m[Function: removeListener][39m,
      _objects: [36m[Map][39m,
      onmessage: [36m[Function (anonymous)][39m,
      _lastId: [33m23[39m,
      _callbacks: Map(0) {},
      _isRemote: [33mfalse[39m,
      _rawBuffers: [33mtrue[39m,
      _tracingCount: [33m1[39m,
      _instrumentation: {},
      _localUtils: [36m[LocalUtils][39m,
      _rootObject: [36m[Root][39m,
      headers: [],
      toImpl: [36m[Function (anonymous)][39m
    },
    _type: [32m'ElementHandle'[39m,
    _guid: [32m'handle@0539fc0915e7d246faa8f707d3cc72c7'[39m,
    _parent: Frame {
      _events: [Object: null prototype] {},
      _eventsCount: [33m0[39m,
      _maxListeners: [33m0[39m,
      _pendingHandlers: Map(0) {},
      _platform: [36m[Object][39m,
      on: [36m[Function: addListener][39m,
      off: [36m[Function: removeListener][39m,
      _objects: [36m[Map][39m,
      _eventToSubscriptionMapping: Map(0) {},
      _wasCollected: [33mfalse[39m,
      _connection: [36m[Connection][39m,
      _type: [32m'Frame'[39m,
      _guid: [32m'frame@5a217a262a6741aaff12e5fc0dde0cbd'[39m,
      _parent: [36m[Page][39m,
      _instrumentation: {},
      _logger: [90mundefined[39m,
      _channel: [36m[EventEmitter][39m,
      _initializer: [36m[Object][39m,
      _parentFrame: [1mnull[22m,
      _url: [32m'https://www.demoblaze.com/index.html'[39m,
      _name: [32m''[39m,
      _detached: [33mfalse[39m,
      _childFrames: Set(0) {},
      _eventEmitter: [36m[EventEmitter][39m,
      _loadStates: [36m[Set][39m,
      _page: [36m[Page][39m
    },
    _instrumentation: {},
    _logger: [90mundefined[39m,
    _channel: EventEmitter {
      _events: [36m[Object: null prototype][39m,
      _eventsCount: [33m1[39m,
      _maxListeners: [90mundefined[39m,
      _pendingHandlers: Map(0) {},
      _platform: [36m[Object][39m,
      on: [36m[Function: addListener][39m,
      off: [36m[Function: removeListener][39m,
      _object: [36m[Circular *9][39m
    },
    _initializer: { preview: [32m'JSHandle@node'[39m },
    _preview: [32m'JSHandle@<a class="hrefch" href="prod.html?idp_=9">Sony vaio i7↵</a>'[39m,
    _frame: Frame {
      _events: [Object: null prototype] {},
      _eventsCount: [33m0[39m,
      _maxListeners: [33m0[39m,
      _pendingHandlers: Map(0) {},
      _platform: [36m[Object][39m,
      on: [36m[Function: addListener][39m,
      off: [36m[Function: removeListener][39m,
      _objects: [36m[Map][39m,
      _eventToSubscriptionMapping: Map(0) {},
      _wasCollected: [33mfalse[39m,
      _connection: [36m[Connection][39m,
      _type: [32m'Frame'[39m,
      _guid: [32m'frame@5a217a262a6741aaff12e5fc0dde0cbd'[39m,
      _parent: [36m[Page][39m,
      _instrumentation: {},
      _logger: [90mundefined[39m,
      _channel: [36m[EventEmitter][39m,
      _initializer: [36m[Object][39m,
      _parentFrame: [1mnull[22m,
      _url: [32m'https://www.demoblaze.com/index.html'[39m,
      _name: [32m''[39m,
      _detached: [33mfalse[39m,
      _childFrames: Set(0) {},
      _eventEmitter: [36m[EventEmitter][39m,
      _loadStates: [36m[Set][39m,
      _page: [36m[Page][39m
    },
    _elementChannel: EventEmitter {
      _events: [36m[Object: null prototype][39m,
      _eventsCount: [33m1[39m,
      _maxListeners: [90mundefined[39m,
      _pendingHandlers: Map(0) {},
      _platform: [36m[Object][39m,
      on: [36m[Function: addListener][39m,
      off: [36m[Function: removeListener][39m,
      _object: [36m[Circular *9][39m
    }
  }
]
--Product Text content--(Home Page)::  Nexus 6

[[ATTACHMENT|test-results\RetryTest-test-chromium\error-context.md]]

[[ATTACHMENT|test-results\RetryTest-test-chromium\trace.zip]]
--Product Text content--(Home Page):  [
  [36m<ref *1>[39m ElementHandle {
    _events: [Object: null prototype] {},
    _eventsCount: [33m0[39m,
    _maxListeners: [33m0[39m,
    _pendingHandlers: Map(0) {},
    _platform: {
      name: [32m'node'[39m,
      boxedStackPrefixes: [36m[Function: boxedStackPrefixes][39m,
      calculateSha1: [36m[Function: calculateSha1][39m,
      colors: [36m[Object][39m,
      coreDir: [32m'C:\\Users\\Kishor\\Desktop\\QA_Testing\\PlaywrightAutomation\\node_modules\\playwright-core'[39m,
      createGuid: [36m[Function: createGuid][39m,
      defaultMaxListeners: [36m[Function: defaultMaxListeners][39m,
      fs: [36m[Function: fs][39m,
      env: [36m[Object][39m,
      inspectCustom: [32mSymbol(nodejs.util.inspect.custom)[39m,
      isDebugMode: [36m[Function: isDebugMode][39m,
      isJSDebuggerAttached: [36m[Function: isJSDebuggerAttached][39m,
      isLogEnabled: [36m[Function: isLogEnabled][39m,
      isUnderTest: [36m[Function: isUnderTest][39m,
      log: [36m[Function: log][39m,
      path: [36m[Function: path][39m,
      pathSeparator: [32m'\\'[39m,
      showInternalStackFrames: [36m[Function: showInternalStackFrames][39m,
      streamFile: [36m[AsyncFunction: streamFile][39m,
      streamReadable: [36m[Function: streamReadable][39m,
      streamWritable: [36m[Function: streamWritable][39m,
      zones: [36m[Object][39m
    },
    on: [36m[Function: addListener][39m,
    off: [36m[Function: removeListener][39m,
    _objects: Map(0) {},
    _eventToSubscriptionMapping: Map(0) {},
    _wasCollected: [33mfalse[39m,
    _connection: Connection {
      _events: [Object: null prototype] {},
      _eventsCount: [33m0[39m,
      _maxListeners: [90mundefined[39m,
      _pendingHandlers: Map(0) {},
      _platform: [36m[Object][39m,
      on: [36m[Function: addListener][39m,
      off: [36m[Function: removeListener][39m,
      _objects: [36m[Map][39m,
      onmessage: [36m[Function (anonymous)][39m,
      _lastId: [33m23[39m,
      _callbacks: Map(0) {},
      _isRemote: [33mfalse[39m,
      _rawBuffers: [33mtrue[39m,
      _tracingCount: [33m1[39m,
      _instrumentation: {},
      _localUtils: [36m[LocalUtils][39m,
      _rootObject: [36m[Root][39m,
      headers: [],
      toImpl: [36m[Function (anonymous)][39m
    },
    _type: [32m'ElementHandle'[39m,
    _guid: [32m'handle@02feeb1d62253b99204495a9c1bb9981'[39m,
    _parent: Frame {
      _events: [Object: null prototype] {},
      _eventsCount: [33m0[39m,
      _maxListeners: [33m0[39m,
      _pendingHandlers: Map(0) {},
      _platform: [36m[Object][39m,
      on: [36m[Function: addListener][39m,
      off: [36m[Function: removeListener][39m,
      _objects: [36m[Map][39m,
      _eventToSubscriptionMapping: Map(0) {},
      _wasCollected: [33mfalse[39m,
      _connection: [36m[Connection][39m,
      _type: [32m'Frame'[39m,
      _guid: [32m'frame@98b3ecd0f019699d8ae18a7de15a70d5'[39m,
      _parent: [36m[Page][39m,
      _instrumentation: {},
      _logger: [90mundefined[39m,
      _channel: [36m[EventEmitter][39m,
      _initializer: [36m[Object][39m,
      _parentFrame: [1mnull[22m,
      _url: [32m'https://www.demoblaze.com/index.html'[39m,
      _name: [32m''[39m,
      _detached: [33mfalse[39m,
      _childFrames: Set(0) {},
      _eventEmitter: [36m[EventEmitter][39m,
      _loadStates: [36m[Set][39m,
      _page: [36m[Page][39m
    },
    _instrumentation: {},
    _logger: [90mundefined[39m,
    _channel: EventEmitter {
      _events: [36m[Object: null prototype][39m,
      _eventsCount: [33m1[39m,
      _maxListeners: [90mundefined[39m,
      _pendingHandlers: Map(0) {},
      _platform: [36m[Object][39m,
      on: [36m[Function: addListener][39m,
      off: [36m[Function: removeListener][39m,
      _object: [36m[Circular *1][39m
    },
    _initializer: { preview: [32m'JSHandle@node'[39m },
    _preview: [32m'JSHandle@<a class="hrefch" href="prod.html?idp_=1">Samsung galaxy s6</a>'[39m,
    _frame: Frame {
      _events: [Object: null prototype] {},
      _eventsCount: [33m0[39m,
      _maxListeners: [33m0[39m,
      _pendingHandlers: Map(0) {},
      _platform: [36m[Object][39m,
      on: [36m[Function: addListener][39m,
      off: [36m[Function: removeListener][39m,
      _objects: [36m[Map][39m,
      _eventToSubscriptionMapping: Map(0) {},
      _wasCollected: [33mfalse[39m,
      _connection: [36m[Connection][39m,
      _type: [32m'Frame'[39m,
      _guid: [32m'frame@98b3ecd0f019699d8ae18a7de15a70d5'[39m,
      _parent: [36m[Page][39m,
      _instrumentation: {},
      _logger: [90mundefined[39m,
      _channel: [36m[EventEmitter][39m,
      _initializer: [36m[Object][39m,
      _parentFrame: [1mnull[22m,
      _url: [32m'https://www.demoblaze.com/index.html'[39m,
      _name: [32m''[39m,
      _detached: [33mfalse[39m,
      _childFrames: Set(0) {},
      _eventEmitter: [36m[EventEmitter][39m,
      _loadStates: [36m[Set][39m,
      _page: [36m[Page][39m
    },
    _elementChannel: EventEmitter {
      _events: [36m[Object: null prototype][39m,
      _eventsCount: [33m1[39m,
      _maxListeners: [90mundefined[39m,
      _pendingHandlers: Map(0) {},
      _platform: [36m[Object][39m,
      on: [36m[Function: addListener][39m,
      off: [36m[Function: removeListener][39m,
      _object: [36m[Circular *1][39m
    }
  },
  [36m<ref *2>[39m ElementHandle {
    _events: [Object: null prototype] {},
    _eventsCount: [33m0[39m,
    _maxListeners: [33m0[39m,
    _pendingHandlers: Map(0) {},
    _platform: {
      name: [32m'node'[39m,
      boxedStackPrefixes: [36m[Function: boxedStackPrefixes][39m,
      calculateSha1: [36m[Function: calculateSha1][39m,
      colors: [36m[Object][39m,
      coreDir: [32m'C:\\Users\\Kishor\\Desktop\\QA_Testing\\PlaywrightAutomation\\node_modules\\playwright-core'[39m,
      createGuid: [36m[Function: createGuid][39m,
      defaultMaxListeners: [36m[Function: defaultMaxListeners][39m,
      fs: [36m[Function: fs][39m,
      env: [36m[Object][39m,
      inspectCustom: [32mSymbol(nodejs.util.inspect.custom)[39m,
      isDebugMode: [36m[Function: isDebugMode][39m,
      isJSDebuggerAttached: [36m[Function: isJSDebuggerAttached][39m,
      isLogEnabled: [36m[Function: isLogEnabled][39m,
      isUnderTest: [36m[Function: isUnderTest][39m,
      log: [36m[Function: log][39m,
      path: [36m[Function: path][39m,
      pathSeparator: [32m'\\'[39m,
      showInternalStackFrames: [36m[Function: showInternalStackFrames][39m,
      streamFile: [36m[AsyncFunction: streamFile][39m,
      streamReadable: [36m[Function: streamReadable][39m,
      streamWritable: [36m[Function: streamWritable][39m,
      zones: [36m[Object][39m
    },
    on: [36m[Function: addListener][39m,
    off: [36m[Function: removeListener][39m,
    _objects: Map(0) {},
    _eventToSubscriptionMapping: Map(0) {},
    _wasCollected: [33mfalse[39m,
    _connection: Connection {
      _events: [Object: null prototype] {},
      _eventsCount: [33m0[39m,
      _maxListeners: [90mundefined[39m,
      _pendingHandlers: Map(0) {},
      _platform: [36m[Object][39m,
      on: [36m[Function: addListener][39m,
      off: [36m[Function: removeListener][39m,
      _objects: [36m[Map][39m,
      onmessage: [36m[Function (anonymous)][39m,
      _lastId: [33m23[39m,
      _callbacks: Map(0) {},
      _isRemote: [33mfalse[39m,
      _rawBuffers: [33mtrue[39m,
      _tracingCount: [33m1[39m,
      _instrumentation: {},
      _localUtils: [36m[LocalUtils][39m,
      _rootObject: [36m[Root][39m,
      headers: [],
      toImpl: [36m[Function (anonymous)][39m
    },
    _type: [32m'ElementHandle'[39m,
    _guid: [32m'handle@ad478bd72504bea56044f26998887873'[39m,
    _parent: Frame {
      _events: [Object: null prototype] {},
      _eventsCount: [33m0[39m,
      _maxListeners: [33m0[39m,
      _pendingHandlers: Map(0) {},
      _platform: [36m[Object][39m,
      on: [36m[Function: addListener][39m,
      off: [36m[Function: removeListener][39m,
      _objects: [36m[Map][39m,
      _eventToSubscriptionMapping: Map(0) {},
      _wasCollected: [33mfalse[39m,
      _connection: [36m[Connection][39m,
      _type: [32m'Frame'[39m,
      _guid: [32m'frame@98b3ecd0f019699d8ae18a7de15a70d5'[39m,
      _parent: [36m[Page][39m,
      _instrumentation: {},
      _logger: [90mundefined[39m,
      _channel: [36m[EventEmitter][39m,
      _initializer: [36m[Object][39m,
      _parentFrame: [1mnull[22m,
      _url: [32m'https://www.demoblaze.com/index.html'[39m,
      _name: [32m''[39m,
      _detached: [33mfalse[39m,
      _childFrames: Set(0) {},
      _eventEmitter: [36m[EventEmitter][39m,
      _loadStates: [36m[Set][39m,
      _page: [36m[Page][39m
    },
    _instrumentation: {},
    _logger: [90mundefined[39m,
    _channel: EventEmitter {
      _events: [36m[Object: null prototype][39m,
      _eventsCount: [33m1[39m,
      _maxListeners: [90mundefined[39m,
      _pendingHandlers: Map(0) {},
      _platform: [36m[Object][39m,
      on: [36m[Function: addListener][39m,
      off: [36m[Function: removeListener][39m,
      _object: [36m[Circular *2][39m
    },
    _initializer: { preview: [32m'JSHandle@node'[39m },
    _preview: [32m'JSHandle@<a class="hrefch" href="prod.html?idp_=2">Nokia lumia 1520</a>'[39m,
    _frame: Frame {
      _events: [Object: null prototype] {},
      _eventsCount: [33m0[39m,
      _maxListeners: [33m0[39m,
      _pendingHandlers: Map(0) {},
      _platform: [36m[Object][39m,
      on: [36m[Function: addListener][39m,
      off: [36m[Function: removeListener][39m,
      _objects: [36m[Map][39m,
      _eventToSubscriptionMapping: Map(0) {},
      _wasCollected: [33mfalse[39m,
      _connection: [36m[Connection][39m,
      _type: [32m'Frame'[39m,
      _guid: [32m'frame@98b3ecd0f019699d8ae18a7de15a70d5'[39m,
      _parent: [36m[Page][39m,
      _instrumentation: {},
      _logger: [90mundefined[39m,
      _channel: [36m[EventEmitter][39m,
      _initializer: [36m[Object][39m,
      _parentFrame: [1mnull[22m,
      _url: [32m'https://www.demoblaze.com/index.html'[39m,
      _name: [32m''[39m,
      _detached: [33mfalse[39m,
      _childFrames: Set(0) {},
      _eventEmitter: [36m[EventEmitter][39m,
      _loadStates: [36m[Set][39m,
      _page: [36m[Page][39m
    },
    _elementChannel: EventEmitter {
      _events: [36m[Object: null prototype][39m,
      _eventsCount: [33m1[39m,
      _maxListeners: [90mundefined[39m,
      _pendingHandlers: Map(0) {},
      _platform: [36m[Object][39m,
      on: [36m[Function: addListener][39m,
      off: [36m[Function: removeListener][39m,
      _object: [36m[Circular *2][39m
    }
  },
  [36m<ref *3>[39m ElementHandle {
    _events: [Object: null prototype] {},
    _eventsCount: [33m0[39m,
    _maxListeners: [33m0[39m,
    _pendingHandlers: Map(0) {},
    _platform: {
      name: [32m'node'[39m,
      boxedStackPrefixes: [36m[Function: boxedStackPrefixes][39m,
      calculateSha1: [36m[Function: calculateSha1][39m,
      colors: [36m[Object][39m,
      coreDir: [32m'C:\\Users\\Kishor\\Desktop\\QA_Testing\\PlaywrightAutomation\\node_modules\\playwright-core'[39m,
      createGuid: [36m[Function: createGuid][39m,
      defaultMaxListeners: [36m[Function: defaultMaxListeners][39m,
      fs: [36m[Function: fs][39m,
      env: [36m[Object][39m,
      inspectCustom: [32mSymbol(nodejs.util.inspect.custom)[39m,
      isDebugMode: [36m[Function: isDebugMode][39m,
      isJSDebuggerAttached: [36m[Function: isJSDebuggerAttached][39m,
      isLogEnabled: [36m[Function: isLogEnabled][39m,
      isUnderTest: [36m[Function: isUnderTest][39m,
      log: [36m[Function: log][39m,
      path: [36m[Function: path][39m,
      pathSeparator: [32m'\\'[39m,
      showInternalStackFrames: [36m[Function: showInternalStackFrames][39m,
      streamFile: [36m[AsyncFunction: streamFile][39m,
      streamReadable: [36m[Function: streamReadable][39m,
      streamWritable: [36m[Function: streamWritable][39m,
      zones: [36m[Object][39m
    },
    on: [36m[Function: addListener][39m,
    off: [36m[Function: removeListener][39m,
    _objects: Map(0) {},
    _eventToSubscriptionMapping: Map(0) {},
    _wasCollected: [33mfalse[39m,
    _connection: Connection {
      _events: [Object: null prototype] {},
      _eventsCount: [33m0[39m,
      _maxListeners: [90mundefined[39m,
      _pendingHandlers: Map(0) {},
      _platform: [36m[Object][39m,
      on: [36m[Function: addListener][39m,
      off: [36m[Function: removeListener][39m,
      _objects: [36m[Map][39m,
      onmessage: [36m[Function (anonymous)][39m,
      _lastId: [33m23[39m,
      _callbacks: Map(0) {},
      _isRemote: [33mfalse[39m,
      _rawBuffers: [33mtrue[39m,
      _tracingCount: [33m1[39m,
      _instrumentation: {},
      _localUtils: [36m[LocalUtils][39m,
      _rootObject: [36m[Root][39m,
      headers: [],
      toImpl: [36m[Function (anonymous)][39m
    },
    _type: [32m'ElementHandle'[39m,
    _guid: [32m'handle@ec3dffe9709afc9a68432c5cfe31f4d5'[39m,
    _parent: Frame {
      _events: [Object: null prototype] {},
      _eventsCount: [33m0[39m,
      _maxListeners: [33m0[39m,
      _pendingHandlers: Map(0) {},
      _platform: [36m[Object][39m,
      on: [36m[Function: addListener][39m,
      off: [36m[Function: removeListener][39m,
      _objects: [36m[Map][39m,
      _eventToSubscriptionMapping: Map(0) {},
      _wasCollected: [33mfalse[39m,
      _connection: [36m[Connection][39m,
      _type: [32m'Frame'[39m,
      _guid: [32m'frame@98b3ecd0f019699d8ae18a7de15a70d5'[39m,
      _parent: [36m[Page][39m,
      _instrumentation: {},
      _logger: [90mundefined[39m,
      _channel: [36m[EventEmitter][39m,
      _initializer: [36m[Object][39m,
      _parentFrame: [1mnull[22m,
      _url: [32m'https://www.demoblaze.com/index.html'[39m,
      _name: [32m''[39m,
      _detached: [33mfalse[39m,
      _childFrames: Set(0) {},
      _eventEmitter: [36m[EventEmitter][39m,
      _loadStates: [36m[Set][39m,
      _page: [36m[Page][39m
    },
    _instrumentation: {},
    _logger: [90mundefined[39m,
    _channel: EventEmitter {
      _events: [36m[Object: null prototype][39m,
      _eventsCount: [33m1[39m,
      _maxListeners: [90mundefined[39m,
      _pendingHandlers: Map(0) {},
      _platform: [36m[Object][39m,
      on: [36m[Function: addListener][39m,
      off: [36m[Function: removeListener][39m,
      _object: [36m[Circular *3][39m
    },
    _initializer: { preview: [32m'JSHandle@node'[39m },
    _preview: [32m'JSHandle@<a class="hrefch" href="prod.html?idp_=3">Nexus 6</a>'[39m,
    _frame: Frame {
      _events: [Object: null prototype] {},
      _eventsCount: [33m0[39m,
      _maxListeners: [33m0[39m,
      _pendingHandlers: Map(0) {},
      _platform: [36m[Object][39m,
      on: [36m[Function: addListener][39m,
      off: [36m[Function: removeListener][39m,
      _objects: [36m[Map][39m,
      _eventToSubscriptionMapping: Map(0) {},
      _wasCollected: [33mfalse[39m,
      _connection: [36m[Connection][39m,
      _type: [32m'Frame'[39m,
      _guid: [32m'frame@98b3ecd0f019699d8ae18a7de15a70d5'[39m,
      _parent: [36m[Page][39m,
      _instrumentation: {},
      _logger: [90mundefined[39m,
      _channel: [36m[EventEmitter][39m,
      _initializer: [36m[Object][39m,
      _parentFrame: [1mnull[22m,
      _url: [32m'https://www.demoblaze.com/index.html'[39m,
      _name: [32m''[39m,
      _detached: [33mfalse[39m,
      _childFrames: Set(0) {},
      _eventEmitter: [36m[EventEmitter][39m,
      _loadStates: [36m[Set][39m,
      _page: [36m[Page][39m
    },
    _elementChannel: EventEmitter {
      _events: [36m[Object: null prototype][39m,
      _eventsCount: [33m1[39m,
      _maxListeners: [90mundefined[39m,
      _pendingHandlers: Map(0) {},
      _platform: [36m[Object][39m,
      on: [36m[Function: addListener][39m,
      off: [36m[Function: removeListener][39m,
      _object: [36m[Circular *3][39m
    }
  },
  [36m<ref *4>[39m ElementHandle {
    _events: [Object: null prototype] {},
    _eventsCount: [33m0[39m,
    _maxListeners: [33m0[39m,
    _pendingHandlers: Map(0) {},
    _platform: {
      name: [32m'node'[39m,
      boxedStackPrefixes: [36m[Function: boxedStackPrefixes][39m,
      calculateSha1: [36m[Function: calculateSha1][39m,
      colors: [36m[Object][39m,
      coreDir: [32m'C:\\Users\\Kishor\\Desktop\\QA_Testing\\PlaywrightAutomation\\node_modules\\playwright-core'[39m,
      createGuid: [36m[Function: createGuid][39m,
      defaultMaxListeners: [36m[Function: defaultMaxListeners][39m,
      fs: [36m[Function: fs][39m,
      env: [36m[Object][39m,
      inspectCustom: [32mSymbol(nodejs.util.inspect.custom)[39m,
      isDebugMode: [36m[Function: isDebugMode][39m,
      isJSDebuggerAttached: [36m[Function: isJSDebuggerAttached][39m,
      isLogEnabled: [36m[Function: isLogEnabled][39m,
      isUnderTest: [36m[Function: isUnderTest][39m,
      log: [36m[Function: log][39m,
      path: [36m[Function: path][39m,
      pathSeparator: [32m'\\'[39m,
      showInternalStackFrames: [36m[Function: showInternalStackFrames][39m,
      streamFile: [36m[AsyncFunction: streamFile][39m,
      streamReadable: [36m[Function: streamReadable][39m,
      streamWritable: [36m[Function: streamWritable][39m,
      zones: [36m[Object][39m
    },
    on: [36m[Function: addListener][39m,
    off: [36m[Function: removeListener][39m,
    _objects: Map(0) {},
    _eventToSubscriptionMapping: Map(0) {},
    _wasCollected: [33mfalse[39m,
    _connection: Connection {
      _events: [Object: null prototype] {},
      _eventsCount: [33m0[39m,
      _maxListeners: [90mundefined[39m,
      _pendingHandlers: Map(0) {},
      _platform: [36m[Object][39m,
      on: [36m[Function: addListener][39m,
      off: [36m[Function: removeListener][39m,
      _objects: [36m[Map][39m,
      onmessage: [36m[Function (anonymous)][39m,
      _lastId: [33m23[39m,
      _callbacks: Map(0) {},
      _isRemote: [33mfalse[39m,
      _rawBuffers: [33mtrue[39m,
      _tracingCount: [33m1[39m,
      _instrumentation: {},
      _localUtils: [36m[LocalUtils][39m,
      _rootObject: [36m[Root][39m,
      headers: [],
      toImpl: [36m[Function (anonymous)][39m
    },
    _type: [32m'ElementHandle'[39m,
    _guid: [32m'handle@9649f12efb338779332816135e7e24d7'[39m,
    _parent: Frame {
      _events: [Object: null prototype] {},
      _eventsCount: [33m0[39m,
      _maxListeners: [33m0[39m,
      _pendingHandlers: Map(0) {},
      _platform: [36m[Object][39m,
      on: [36m[Function: addListener][39m,
      off: [36m[Function: removeListener][39m,
      _objects: [36m[Map][39m,
      _eventToSubscriptionMapping: Map(0) {},
      _wasCollected: [33mfalse[39m,
      _connection: [36m[Connection][39m,
      _type: [32m'Frame'[39m,
      _guid: [32m'frame@98b3ecd0f019699d8ae18a7de15a70d5'[39m,
      _parent: [36m[Page][39m,
      _instrumentation: {},
      _logger: [90mundefined[39m,
      _channel: [36m[EventEmitter][39m,
      _initializer: [36m[Object][39m,
      _parentFrame: [1mnull[22m,
      _url: [32m'https://www.demoblaze.com/index.html'[39m,
      _name: [32m''[39m,
      _detached: [33mfalse[39m,
      _childFrames: Set(0) {},
      _eventEmitter: [36m[EventEmitter][39m,
      _loadStates: [36m[Set][39m,
      _page: [36m[Page][39m
    },
    _instrumentation: {},
    _logger: [90mundefined[39m,
    _channel: EventEmitter {
      _events: [36m[Object: null prototype][39m,
      _eventsCount: [33m1[39m,
      _maxListeners: [90mundefined[39m,
      _pendingHandlers: Map(0) {},
      _platform: [36m[Object][39m,
      on: [36m[Function: addListener][39m,
      off: [36m[Function: removeListener][39m,
      _object: [36m[Circular *4][39m
    },
    _initializer: { preview: [32m'JSHandle@node'[39m },
    _preview: [32m'JSHandle@<a class="hrefch" href="prod.html?idp_=4">Samsung galaxy s7</a>'[39m,
    _frame: Frame {
      _events: [Object: null prototype] {},
      _eventsCount: [33m0[39m,
      _maxListeners: [33m0[39m,
      _pendingHandlers: Map(0) {},
      _platform: [36m[Object][39m,
      on: [36m[Function: addListener][39m,
      off: [36m[Function: removeListener][39m,
      _objects: [36m[Map][39m,
      _eventToSubscriptionMapping: Map(0) {},
      _wasCollected: [33mfalse[39m,
      _connection: [36m[Connection][39m,
      _type: [32m'Frame'[39m,
      _guid: [32m'frame@98b3ecd0f019699d8ae18a7de15a70d5'[39m,
      _parent: [36m[Page][39m,
      _instrumentation: {},
      _logger: [90mundefined[39m,
      _channel: [36m[EventEmitter][39m,
      _initializer: [36m[Object][39m,
      _parentFrame: [1mnull[22m,
      _url: [32m'https://www.demoblaze.com/index.html'[39m,
      _name: [32m''[39m,
      _detached: [33mfalse[39m,
      _childFrames: Set(0) {},
      _eventEmitter: [36m[EventEmitter][39m,
      _loadStates: [36m[Set][39m,
      _page: [36m[Page][39m
    },
    _elementChannel: EventEmitter {
      _events: [36m[Object: null prototype][39m,
      _eventsCount: [33m1[39m,
      _maxListeners: [90mundefined[39m,
      _pendingHandlers: Map(0) {},
      _platform: [36m[Object][39m,
      on: [36m[Function: addListener][39m,
      off: [36m[Function: removeListener][39m,
      _object: [36m[Circular *4][39m
    }
  },
  [36m<ref *5>[39m ElementHandle {
    _events: [Object: null prototype] {},
    _eventsCount: [33m0[39m,
    _maxListeners: [33m0[39m,
    _pendingHandlers: Map(0) {},
    _platform: {
      name: [32m'node'[39m,
      boxedStackPrefixes: [36m[Function: boxedStackPrefixes][39m,
      calculateSha1: [36m[Function: calculateSha1][39m,
      colors: [36m[Object][39m,
      coreDir: [32m'C:\\Users\\Kishor\\Desktop\\QA_Testing\\PlaywrightAutomation\\node_modules\\playwright-core'[39m,
      createGuid: [36m[Function: createGuid][39m,
      defaultMaxListeners: [36m[Function: defaultMaxListeners][39m,
      fs: [36m[Function: fs][39m,
      env: [36m[Object][39m,
      inspectCustom: [32mSymbol(nodejs.util.inspect.custom)[39m,
      isDebugMode: [36m[Function: isDebugMode][39m,
      isJSDebuggerAttached: [36m[Function: isJSDebuggerAttached][39m,
      isLogEnabled: [36m[Function: isLogEnabled][39m,
      isUnderTest: [36m[Function: isUnderTest][39m,
      log: [36m[Function: log][39m,
      path: [36m[Function: path][39m,
      pathSeparator: [32m'\\'[39m,
      showInternalStackFrames: [36m[Function: showInternalStackFrames][39m,
      streamFile: [36m[AsyncFunction: streamFile][39m,
      streamReadable: [36m[Function: streamReadable][39m,
      streamWritable: [36m[Function: streamWritable][39m,
      zones: [36m[Object][39m
    },
    on: [36m[Function: addListener][39m,
    off: [36m[Function: removeListener][39m,
    _objects: Map(0) {},
    _eventToSubscriptionMapping: Map(0) {},
    _wasCollected: [33mfalse[39m,
    _connection: Connection {
      _events: [Object: null prototype] {},
      _eventsCount: [33m0[39m,
      _maxListeners: [90mundefined[39m,
      _pendingHandlers: Map(0) {},
      _platform: [36m[Object][39m,
      on: [36m[Function: addListener][39m,
      off: [36m[Function: removeListener][39m,
      _objects: [36m[Map][39m,
      onmessage: [36m[Function (anonymous)][39m,
      _lastId: [33m23[39m,
      _callbacks: Map(0) {},
      _isRemote: [33mfalse[39m,
      _rawBuffers: [33mtrue[39m,
      _tracingCount: [33m1[39m,
      _instrumentation: {},
      _localUtils: [36m[LocalUtils][39m,
      _rootObject: [36m[Root][39m,
      headers: [],
      toImpl: [36m[Function (anonymous)][39m
    },
    _type: [32m'ElementHandle'[39m,
    _guid: [32m'handle@215c4bfe65f01f3e6b688e684a0b47c0'[39m,
    _parent: Frame {
      _events: [Object: null prototype] {},
      _eventsCount: [33m0[39m,
      _maxListeners: [33m0[39m,
      _pendingHandlers: Map(0) {},
      _platform: [36m[Object][39m,
      on: [36m[Function: addListener][39m,
      off: [36m[Function: removeListener][39m,
      _objects: [36m[Map][39m,
      _eventToSubscriptionMapping: Map(0) {},
      _wasCollected: [33mfalse[39m,
      _connection: [36m[Connection][39m,
      _type: [32m'Frame'[39m,
      _guid: [32m'frame@98b3ecd0f019699d8ae18a7de15a70d5'[39m,
      _parent: [36m[Page][39m,
      _instrumentation: {},
      _logger: [90mundefined[39m,
      _channel: [36m[EventEmitter][39m,
      _initializer: [36m[Object][39m,
      _parentFrame: [1mnull[22m,
      _url: [32m'https://www.demoblaze.com/index.html'[39m,
      _name: [32m''[39m,
      _detached: [33mfalse[39m,
      _childFrames: Set(0) {},
      _eventEmitter: [36m[EventEmitter][39m,
      _loadStates: [36m[Set][39m,
      _page: [36m[Page][39m
    },
    _instrumentation: {},
    _logger: [90mundefined[39m,
    _channel: EventEmitter {
      _events: [36m[Object: null prototype][39m,
      _eventsCount: [33m1[39m,
      _maxListeners: [90mundefined[39m,
      _pendingHandlers: Map(0) {},
      _platform: [36m[Object][39m,
      on: [36m[Function: addListener][39m,
      off: [36m[Function: removeListener][39m,
      _object: [36m[Circular *5][39m
    },
    _initializer: { preview: [32m'JSHandle@node'[39m },
    _preview: [32m'JSHandle@<a class="hrefch" href="prod.html?idp_=5">Iphone 6 32gb</a>'[39m,
    _frame: Frame {
      _events: [Object: null prototype] {},
      _eventsCount: [33m0[39m,
      _maxListeners: [33m0[39m,
      _pendingHandlers: Map(0) {},
      _platform: [36m[Object][39m,
      on: [36m[Function: addListener][39m,
      off: [36m[Function: removeListener][39m,
      _objects: [36m[Map][39m,
      _eventToSubscriptionMapping: Map(0) {},
      _wasCollected: [33mfalse[39m,
      _connection: [36m[Connection][39m,
      _type: [32m'Frame'[39m,
      _guid: [32m'frame@98b3ecd0f019699d8ae18a7de15a70d5'[39m,
      _parent: [36m[Page][39m,
      _instrumentation: {},
      _logger: [90mundefined[39m,
      _channel: [36m[EventEmitter][39m,
      _initializer: [36m[Object][39m,
      _parentFrame: [1mnull[22m,
      _url: [32m'https://www.demoblaze.com/index.html'[39m,
      _name: [32m''[39m,
      _detached: [33mfalse[39m,
      _childFrames: Set(0) {},
      _eventEmitter: [36m[EventEmitter][39m,
      _loadStates: [36m[Set][39m,
      _page: [36m[Page][39m
    },
    _elementChannel: EventEmitter {
      _events: [36m[Object: null prototype][39m,
      _eventsCount: [33m1[39m,
      _maxListeners: [90mundefined[39m,
      _pendingHandlers: Map(0) {},
      _platform: [36m[Object][39m,
      on: [36m[Function: addListener][39m,
      off: [36m[Function: removeListener][39m,
      _object: [36m[Circular *5][39m
    }
  },
  [36m<ref *6>[39m ElementHandle {
    _events: [Object: null prototype] {},
    _eventsCount: [33m0[39m,
    _maxListeners: [33m0[39m,
    _pendingHandlers: Map(0) {},
    _platform: {
      name: [32m'node'[39m,
      boxedStackPrefixes: [36m[Function: boxedStackPrefixes][39m,
      calculateSha1: [36m[Function: calculateSha1][39m,
      colors: [36m[Object][39m,
      coreDir: [32m'C:\\Users\\Kishor\\Desktop\\QA_Testing\\PlaywrightAutomation\\node_modules\\playwright-core'[39m,
      createGuid: [36m[Function: createGuid][39m,
      defaultMaxListeners: [36m[Function: defaultMaxListeners][39m,
      fs: [36m[Function: fs][39m,
      env: [36m[Object][39m,
      inspectCustom: [32mSymbol(nodejs.util.inspect.custom)[39m,
      isDebugMode: [36m[Function: isDebugMode][39m,
      isJSDebuggerAttached: [36m[Function: isJSDebuggerAttached][39m,
      isLogEnabled: [36m[Function: isLogEnabled][39m,
      isUnderTest: [36m[Function: isUnderTest][39m,
      log: [36m[Function: log][39m,
      path: [36m[Function: path][39m,
      pathSeparator: [32m'\\'[39m,
      showInternalStackFrames: [36m[Function: showInternalStackFrames][39m,
      streamFile: [36m[AsyncFunction: streamFile][39m,
      streamReadable: [36m[Function: streamReadable][39m,
      streamWritable: [36m[Function: streamWritable][39m,
      zones: [36m[Object][39m
    },
    on: [36m[Function: addListener][39m,
    off: [36m[Function: removeListener][39m,
    _objects: Map(0) {},
    _eventToSubscriptionMapping: Map(0) {},
    _wasCollected: [33mfalse[39m,
    _connection: Connection {
      _events: [Object: null prototype] {},
      _eventsCount: [33m0[39m,
      _maxListeners: [90mundefined[39m,
      _pendingHandlers: Map(0) {},
      _platform: [36m[Object][39m,
      on: [36m[Function: addListener][39m,
      off: [36m[Function: removeListener][39m,
      _objects: [36m[Map][39m,
      onmessage: [36m[Function (anonymous)][39m,
      _lastId: [33m23[39m,
      _callbacks: Map(0) {},
      _isRemote: [33mfalse[39m,
      _rawBuffers: [33mtrue[39m,
      _tracingCount: [33m1[39m,
      _instrumentation: {},
      _localUtils: [36m[LocalUtils][39m,
      _rootObject: [36m[Root][39m,
      headers: [],
      toImpl: [36m[Function (anonymous)][39m
    },
    _type: [32m'ElementHandle'[39m,
    _guid: [32m'handle@4f900f1c095c3ae6dd9422e1bc62c381'[39m,
    _parent: Frame {
      _events: [Object: null prototype] {},
      _eventsCount: [33m0[39m,
      _maxListeners: [33m0[39m,
      _pendingHandlers: Map(0) {},
      _platform: [36m[Object][39m,
      on: [36m[Function: addListener][39m,
      off: [36m[Function: removeListener][39m,
      _objects: [36m[Map][39m,
      _eventToSubscriptionMapping: Map(0) {},
      _wasCollected: [33mfalse[39m,
      _connection: [36m[Connection][39m,
      _type: [32m'Frame'[39m,
      _guid: [32m'frame@98b3ecd0f019699d8ae18a7de15a70d5'[39m,
      _parent: [36m[Page][39m,
      _instrumentation: {},
      _logger: [90mundefined[39m,
      _channel: [36m[EventEmitter][39m,
      _initializer: [36m[Object][39m,
      _parentFrame: [1mnull[22m,
      _url: [32m'https://www.demoblaze.com/index.html'[39m,
      _name: [32m''[39m,
      _detached: [33mfalse[39m,
      _childFrames: Set(0) {},
      _eventEmitter: [36m[EventEmitter][39m,
      _loadStates: [36m[Set][39m,
      _page: [36m[Page][39m
    },
    _instrumentation: {},
    _logger: [90mundefined[39m,
    _channel: EventEmitter {
      _events: [36m[Object: null prototype][39m,
      _eventsCount: [33m1[39m,
      _maxListeners: [90mundefined[39m,
      _pendingHandlers: Map(0) {},
      _platform: [36m[Object][39m,
      on: [36m[Function: addListener][39m,
      off: [36m[Function: removeListener][39m,
      _object: [36m[Circular *6][39m
    },
    _initializer: { preview: [32m'JSHandle@node'[39m },
    _preview: [32m'JSHandle@<a class="hrefch" href="prod.html?idp_=6">Sony xperia z5</a>'[39m,
    _frame: Frame {
      _events: [Object: null prototype] {},
      _eventsCount: [33m0[39m,
      _maxListeners: [33m0[39m,
      _pendingHandlers: Map(0) {},
      _platform: [36m[Object][39m,
      on: [36m[Function: addListener][39m,
      off: [36m[Function: removeListener][39m,
      _objects: [36m[Map][39m,
      _eventToSubscriptionMapping: Map(0) {},
      _wasCollected: [33mfalse[39m,
      _connection: [36m[Connection][39m,
      _type: [32m'Frame'[39m,
      _guid: [32m'frame@98b3ecd0f019699d8ae18a7de15a70d5'[39m,
      _parent: [36m[Page][39m,
      _instrumentation: {},
      _logger: [90mundefined[39m,
      _channel: [36m[EventEmitter][39m,
      _initializer: [36m[Object][39m,
      _parentFrame: [1mnull[22m,
      _url: [32m'https://www.demoblaze.com/index.html'[39m,
      _name: [32m''[39m,
      _detached: [33mfalse[39m,
      _childFrames: Set(0) {},
      _eventEmitter: [36m[EventEmitter][39m,
      _loadStates: [36m[Set][39m,
      _page: [36m[Page][39m
    },
    _elementChannel: EventEmitter {
      _events: [36m[Object: null prototype][39m,
      _eventsCount: [33m1[39m,
      _maxListeners: [90mundefined[39m,
      _pendingHandlers: Map(0) {},
      _platform: [36m[Object][39m,
      on: [36m[Function: addListener][39m,
      off: [36m[Function: removeListener][39m,
      _object: [36m[Circular *6][39m
    }
  },
  [36m<ref *7>[39m ElementHandle {
    _events: [Object: null prototype] {},
    _eventsCount: [33m0[39m,
    _maxListeners: [33m0[39m,
    _pendingHandlers: Map(0) {},
    _platform: {
      name: [32m'node'[39m,
      boxedStackPrefixes: [36m[Function: boxedStackPrefixes][39m,
      calculateSha1: [36m[Function: calculateSha1][39m,
      colors: [36m[Object][39m,
      coreDir: [32m'C:\\Users\\Kishor\\Desktop\\QA_Testing\\PlaywrightAutomation\\node_modules\\playwright-core'[39m,
      createGuid: [36m[Function: createGuid][39m,
      defaultMaxListeners: [36m[Function: defaultMaxListeners][39m,
      fs: [36m[Function: fs][39m,
      env: [36m[Object][39m,
      inspectCustom: [32mSymbol(nodejs.util.inspect.custom)[39m,
      isDebugMode: [36m[Function: isDebugMode][39m,
      isJSDebuggerAttached: [36m[Function: isJSDebuggerAttached][39m,
      isLogEnabled: [36m[Function: isLogEnabled][39m,
      isUnderTest: [36m[Function: isUnderTest][39m,
      log: [36m[Function: log][39m,
      path: [36m[Function: path][39m,
      pathSeparator: [32m'\\'[39m,
      showInternalStackFrames: [36m[Function: showInternalStackFrames][39m,
      streamFile: [36m[AsyncFunction: streamFile][39m,
      streamReadable: [36m[Function: streamReadable][39m,
      streamWritable: [36m[Function: streamWritable][39m,
      zones: [36m[Object][39m
    },
    on: [36m[Function: addListener][39m,
    off: [36m[Function: removeListener][39m,
    _objects: Map(0) {},
    _eventToSubscriptionMapping: Map(0) {},
    _wasCollected: [33mfalse[39m,
    _connection: Connection {
      _events: [Object: null prototype] {},
      _eventsCount: [33m0[39m,
      _maxListeners: [90mundefined[39m,
      _pendingHandlers: Map(0) {},
      _platform: [36m[Object][39m,
      on: [36m[Function: addListener][39m,
      off: [36m[Function: removeListener][39m,
      _objects: [36m[Map][39m,
      onmessage: [36m[Function (anonymous)][39m,
      _lastId: [33m23[39m,
      _callbacks: Map(0) {},
      _isRemote: [33mfalse[39m,
      _rawBuffers: [33mtrue[39m,
      _tracingCount: [33m1[39m,
      _instrumentation: {},
      _localUtils: [36m[LocalUtils][39m,
      _rootObject: [36m[Root][39m,
      headers: [],
      toImpl: [36m[Function (anonymous)][39m
    },
    _type: [32m'ElementHandle'[39m,
    _guid: [32m'handle@6012c52cec940036d2ed9c1f95db05d6'[39m,
    _parent: Frame {
      _events: [Object: null prototype] {},
      _eventsCount: [33m0[39m,
      _maxListeners: [33m0[39m,
      _pendingHandlers: Map(0) {},
      _platform: [36m[Object][39m,
      on: [36m[Function: addListener][39m,
      off: [36m[Function: removeListener][39m,
      _objects: [36m[Map][39m,
      _eventToSubscriptionMapping: Map(0) {},
      _wasCollected: [33mfalse[39m,
      _connection: [36m[Connection][39m,
      _type: [32m'Frame'[39m,
      _guid: [32m'frame@98b3ecd0f019699d8ae18a7de15a70d5'[39m,
      _parent: [36m[Page][39m,
      _instrumentation: {},
      _logger: [90mundefined[39m,
      _channel: [36m[EventEmitter][39m,
      _initializer: [36m[Object][39m,
      _parentFrame: [1mnull[22m,
      _url: [32m'https://www.demoblaze.com/index.html'[39m,
      _name: [32m''[39m,
      _detached: [33mfalse[39m,
      _childFrames: Set(0) {},
      _eventEmitter: [36m[EventEmitter][39m,
      _loadStates: [36m[Set][39m,
      _page: [36m[Page][39m
    },
    _instrumentation: {},
    _logger: [90mundefined[39m,
    _channel: EventEmitter {
      _events: [36m[Object: null prototype][39m,
      _eventsCount: [33m1[39m,
      _maxListeners: [90mundefined[39m,
      _pendingHandlers: Map(0) {},
      _platform: [36m[Object][39m,
      on: [36m[Function: addListener][39m,
      off: [36m[Function: removeListener][39m,
      _object: [36m[Circular *7][39m
    },
    _initializer: { preview: [32m'JSHandle@node'[39m },
    _preview: [32m'JSHandle@<a class="hrefch" href="prod.html?idp_=7">HTC One M9</a>'[39m,
    _frame: Frame {
      _events: [Object: null prototype] {},
      _eventsCount: [33m0[39m,
      _maxListeners: [33m0[39m,
      _pendingHandlers: Map(0) {},
      _platform: [36m[Object][39m,
      on: [36m[Function: addListener][39m,
      off: [36m[Function: removeListener][39m,
      _objects: [36m[Map][39m,
      _eventToSubscriptionMapping: Map(0) {},
      _wasCollected: [33mfalse[39m,
      _connection: [36m[Connection][39m,
      _type: [32m'Frame'[39m,
      _guid: [32m'frame@98b3ecd0f019699d8ae18a7de15a70d5'[39m,
      _parent: [36m[Page][39m,
      _instrumentation: {},
      _logger: [90mundefined[39m,
      _channel: [36m[EventEmitter][39m,
      _initializer: [36m[Object][39m,
      _parentFrame: [1mnull[22m,
      _url: [32m'https://www.demoblaze.com/index.html'[39m,
      _name: [32m''[39m,
      _detached: [33mfalse[39m,
      _childFrames: Set(0) {},
      _eventEmitter: [36m[EventEmitter][39m,
      _loadStates: [36m[Set][39m,
      _page: [36m[Page][39m
    },
    _elementChannel: EventEmitter {
      _events: [36m[Object: null prototype][39m,
      _eventsCount: [33m1[39m,
      _maxListeners: [90mundefined[39m,
      _pendingHandlers: Map(0) {},
      _platform: [36m[Object][39m,
      on: [36m[Function: addListener][39m,
      off: [36m[Function: removeListener][39m,
      _object: [36m[Circular *7][39m
    }
  },
  [36m<ref *8>[39m ElementHandle {
    _events: [Object: null prototype] {},
    _eventsCount: [33m0[39m,
    _maxListeners: [33m0[39m,
    _pendingHandlers: Map(0) {},
    _platform: {
      name: [32m'node'[39m,
      boxedStackPrefixes: [36m[Function: boxedStackPrefixes][39m,
      calculateSha1: [36m[Function: calculateSha1][39m,
      colors: [36m[Object][39m,
      coreDir: [32m'C:\\Users\\Kishor\\Desktop\\QA_Testing\\PlaywrightAutomation\\node_modules\\playwright-core'[39m,
      createGuid: [36m[Function: createGuid][39m,
      defaultMaxListeners: [36m[Function: defaultMaxListeners][39m,
      fs: [36m[Function: fs][39m,
      env: [36m[Object][39m,
      inspectCustom: [32mSymbol(nodejs.util.inspect.custom)[39m,
      isDebugMode: [36m[Function: isDebugMode][39m,
      isJSDebuggerAttached: [36m[Function: isJSDebuggerAttached][39m,
      isLogEnabled: [36m[Function: isLogEnabled][39m,
      isUnderTest: [36m[Function: isUnderTest][39m,
      log: [36m[Function: log][39m,
      path: [36m[Function: path][39m,
      pathSeparator: [32m'\\'[39m,
      showInternalStackFrames: [36m[Function: showInternalStackFrames][39m,
      streamFile: [36m[AsyncFunction: streamFile][39m,
      streamReadable: [36m[Function: streamReadable][39m,
      streamWritable: [36m[Function: streamWritable][39m,
      zones: [36m[Object][39m
    },
    on: [36m[Function: addListener][39m,
    off: [36m[Function: removeListener][39m,
    _objects: Map(0) {},
    _eventToSubscriptionMapping: Map(0) {},
    _wasCollected: [33mfalse[39m,
    _connection: Connection {
      _events: [Object: null prototype] {},
      _eventsCount: [33m0[39m,
      _maxListeners: [90mundefined[39m,
      _pendingHandlers: Map(0) {},
      _platform: [36m[Object][39m,
      on: [36m[Function: addListener][39m,
      off: [36m[Function: removeListener][39m,
      _objects: [36m[Map][39m,
      onmessage: [36m[Function (anonymous)][39m,
      _lastId: [33m23[39m,
      _callbacks: Map(0) {},
      _isRemote: [33mfalse[39m,
      _rawBuffers: [33mtrue[39m,
      _tracingCount: [33m1[39m,
      _instrumentation: {},
      _localUtils: [36m[LocalUtils][39m,
      _rootObject: [36m[Root][39m,
      headers: [],
      toImpl: [36m[Function (anonymous)][39m
    },
    _type: [32m'ElementHandle'[39m,
    _guid: [32m'handle@e7be5a234469a9bc3dd8efbf9a7135eb'[39m,
    _parent: Frame {
      _events: [Object: null prototype] {},
      _eventsCount: [33m0[39m,
      _maxListeners: [33m0[39m,
      _pendingHandlers: Map(0) {},
      _platform: [36m[Object][39m,
      on: [36m[Function: addListener][39m,
      off: [36m[Function: removeListener][39m,
      _objects: [36m[Map][39m,
      _eventToSubscriptionMapping: Map(0) {},
      _wasCollected: [33mfalse[39m,
      _connection: [36m[Connection][39m,
      _type: [32m'Frame'[39m,
      _guid: [32m'frame@98b3ecd0f019699d8ae18a7de15a70d5'[39m,
      _parent: [36m[Page][39m,
      _instrumentation: {},
      _logger: [90mundefined[39m,
      _channel: [36m[EventEmitter][39m,
      _initializer: [36m[Object][39m,
      _parentFrame: [1mnull[22m,
      _url: [32m'https://www.demoblaze.com/index.html'[39m,
      _name: [32m''[39m,
      _detached: [33mfalse[39m,
      _childFrames: Set(0) {},
      _eventEmitter: [36m[EventEmitter][39m,
      _loadStates: [36m[Set][39m,
      _page: [36m[Page][39m
    },
    _instrumentation: {},
    _logger: [90mundefined[39m,
    _channel: EventEmitter {
      _events: [36m[Object: null prototype][39m,
      _eventsCount: [33m1[39m,
      _maxListeners: [90mundefined[39m,
      _pendingHandlers: Map(0) {},
      _platform: [36m[Object][39m,
      on: [36m[Function: addListener][39m,
      off: [36m[Function: removeListener][39m,
      _object: [36m[Circular *8][39m
    },
    _initializer: { preview: [32m'JSHandle@node'[39m },
    _preview: [32m'JSHandle@<a class="hrefch" href="prod.html?idp_=8">Sony vaio i5</a>'[39m,
    _frame: Frame {
      _events: [Object: null prototype] {},
      _eventsCount: [33m0[39m,
      _maxListeners: [33m0[39m,
      _pendingHandlers: Map(0) {},
      _platform: [36m[Object][39m,
      on: [36m[Function: addListener][39m,
      off: [36m[Function: removeListener][39m,
      _objects: [36m[Map][39m,
      _eventToSubscriptionMapping: Map(0) {},
      _wasCollected: [33mfalse[39m,
      _connection: [36m[Connection][39m,
      _type: [32m'Frame'[39m,
      _guid: [32m'frame@98b3ecd0f019699d8ae18a7de15a70d5'[39m,
      _parent: [36m[Page][39m,
      _instrumentation: {},
      _logger: [90mundefined[39m,
      _channel: [36m[EventEmitter][39m,
      _initializer: [36m[Object][39m,
      _parentFrame: [1mnull[22m,
      _url: [32m'https://www.demoblaze.com/index.html'[39m,
      _name: [32m''[39m,
      _detached: [33mfalse[39m,
      _childFrames: Set(0) {},
      _eventEmitter: [36m[EventEmitter][39m,
      _loadStates: [36m[Set][39m,
      _page: [36m[Page][39m
    },
    _elementChannel: EventEmitter {
      _events: [36m[Object: null prototype][39m,
      _eventsCount: [33m1[39m,
      _maxListeners: [90mundefined[39m,
      _pendingHandlers: Map(0) {},
      _platform: [36m[Object][39m,
      on: [36m[Function: addListener][39m,
      off: [36m[Function: removeListener][39m,
      _object: [36m[Circular *8][39m
    }
  },
  [36m<ref *9>[39m ElementHandle {
    _events: [Object: null prototype] {},
    _eventsCount: [33m0[39m,
    _maxListeners: [33m0[39m,
    _pendingHandlers: Map(0) {},
    _platform: {
      name: [32m'node'[39m,
      boxedStackPrefixes: [36m[Function: boxedStackPrefixes][39m,
      calculateSha1: [36m[Function: calculateSha1][39m,
      colors: [36m[Object][39m,
      coreDir: [32m'C:\\Users\\Kishor\\Desktop\\QA_Testing\\PlaywrightAutomation\\node_modules\\playwright-core'[39m,
      createGuid: [36m[Function: createGuid][39m,
      defaultMaxListeners: [36m[Function: defaultMaxListeners][39m,
      fs: [36m[Function: fs][39m,
      env: [36m[Object][39m,
      inspectCustom: [32mSymbol(nodejs.util.inspect.custom)[39m,
      isDebugMode: [36m[Function: isDebugMode][39m,
      isJSDebuggerAttached: [36m[Function: isJSDebuggerAttached][39m,
      isLogEnabled: [36m[Function: isLogEnabled][39m,
      isUnderTest: [36m[Function: isUnderTest][39m,
      log: [36m[Function: log][39m,
      path: [36m[Function: path][39m,
      pathSeparator: [32m'\\'[39m,
      showInternalStackFrames: [36m[Function: showInternalStackFrames][39m,
      streamFile: [36m[AsyncFunction: streamFile][39m,
      streamReadable: [36m[Function: streamReadable][39m,
      streamWritable: [36m[Function: streamWritable][39m,
      zones: [36m[Object][39m
    },
    on: [36m[Function: addListener][39m,
    off: [36m[Function: removeListener][39m,
    _objects: Map(0) {},
    _eventToSubscriptionMapping: Map(0) {},
    _wasCollected: [33mfalse[39m,
    _connection: Connection {
      _events: [Object: null prototype] {},
      _eventsCount: [33m0[39m,
      _maxListeners: [90mundefined[39m,
      _pendingHandlers: Map(0) {},
      _platform: [36m[Object][39m,
      on: [36m[Function: addListener][39m,
      off: [36m[Function: removeListener][39m,
      _objects: [36m[Map][39m,
      onmessage: [36m[Function (anonymous)][39m,
      _lastId: [33m23[39m,
      _callbacks: Map(0) {},
      _isRemote: [33mfalse[39m,
      _rawBuffers: [33mtrue[39m,
      _tracingCount: [33m1[39m,
      _instrumentation: {},
      _localUtils: [36m[LocalUtils][39m,
      _rootObject: [36m[Root][39m,
      headers: [],
      toImpl: [36m[Function (anonymous)][39m
    },
    _type: [32m'ElementHandle'[39m,
    _guid: [32m'handle@db96b832f5101620d7179370f51830c1'[39m,
    _parent: Frame {
      _events: [Object: null prototype] {},
      _eventsCount: [33m0[39m,
      _maxListeners: [33m0[39m,
      _pendingHandlers: Map(0) {},
      _platform: [36m[Object][39m,
      on: [36m[Function: addListener][39m,
      off: [36m[Function: removeListener][39m,
      _objects: [36m[Map][39m,
      _eventToSubscriptionMapping: Map(0) {},
      _wasCollected: [33mfalse[39m,
      _connection: [36m[Connection][39m,
      _type: [32m'Frame'[39m,
      _guid: [32m'frame@98b3ecd0f019699d8ae18a7de15a70d5'[39m,
      _parent: [36m[Page][39m,
      _instrumentation: {},
      _logger: [90mundefined[39m,
      _channel: [36m[EventEmitter][39m,
      _initializer: [36m[Object][39m,
      _parentFrame: [1mnull[22m,
      _url: [32m'https://www.demoblaze.com/index.html'[39m,
      _name: [32m''[39m,
      _detached: [33mfalse[39m,
      _childFrames: Set(0) {},
      _eventEmitter: [36m[EventEmitter][39m,
      _loadStates: [36m[Set][39m,
      _page: [36m[Page][39m
    },
    _instrumentation: {},
    _logger: [90mundefined[39m,
    _channel: EventEmitter {
      _events: [36m[Object: null prototype][39m,
      _eventsCount: [33m1[39m,
      _maxListeners: [90mundefined[39m,
      _pendingHandlers: Map(0) {},
      _platform: [36m[Object][39m,
      on: [36m[Function: addListener][39m,
      off: [36m[Function: removeListener][39m,
      _object: [36m[Circular *9][39m
    },
    _initializer: { preview: [32m'JSHandle@node'[39m },
    _preview: [32m'JSHandle@<a class="hrefch" href="prod.html?idp_=9">Sony vaio i7↵</a>'[39m,
    _frame: Frame {
      _events: [Object: null prototype] {},
      _eventsCount: [33m0[39m,
      _maxListeners: [33m0[39m,
      _pendingHandlers: Map(0) {},
      _platform: [36m[Object][39m,
      on: [36m[Function: addListener][39m,
      off: [36m[Function: removeListener][39m,
      _objects: [36m[Map][39m,
      _eventToSubscriptionMapping: Map(0) {},
      _wasCollected: [33mfalse[39m,
      _connection: [36m[Connection][39m,
      _type: [32m'Frame'[39m,
      _guid: [32m'frame@98b3ecd0f019699d8ae18a7de15a70d5'[39m,
      _parent: [36m[Page][39m,
      _instrumentation: {},
      _logger: [90mundefined[39m,
      _channel: [36m[EventEmitter][39m,
      _initializer: [36m[Object][39m,
      _parentFrame: [1mnull[22m,
      _url: [32m'https://www.demoblaze.com/index.html'[39m,
      _name: [32m''[39m,
      _detached: [33mfalse[39m,
      _childFrames: Set(0) {},
      _eventEmitter: [36m[EventEmitter][39m,
      _loadStates: [36m[Set][39m,
      _page: [36m[Page][39m
    },
    _elementChannel: EventEmitter {
      _events: [36m[Object: null prototype][39m,
      _eventsCount: [33m1[39m,
      _maxListeners: [90mundefined[39m,
      _pendingHandlers: Map(0) {},
      _platform: [36m[Object][39m,
      on: [36m[Function: addListener][39m,
      off: [36m[Function: removeListener][39m,
      _object: [36m[Circular *9][39m
    }
  }
]
--Product Text content--(Home Page)::  Nexus 6

[[ATTACHMENT|test-results\RetryTest-test-chromium-retry1\trace.zip]]
]]>
</system-out>
</testcase>
</testsuite>
</testsuites>